[2500, 358, 1095, 1368, 1633, 2517, 2363, 1668, 2500, 476]
[1688, 1395, 1598, 1806, 1344, 851, 2043, 1407, 1095, 936]
[2500, 114, 2388, 1180, 1290, 977, 1400, 1623, 1839, 1218]
[1202, 1668, 1899, 949, 1077, 973, 2004, 1186, 1010, 2463]
[1299, 1348, 1394, 734, 1451, 1300, 1163, 1004, 1086, 978]
[1354, 2114, 1919, 770, 2500, 345, 1219, 2128, 1249, 898]
[1050, 1494, 1107, 1510, 1017, 1513, 901, 1017, 1233, 1272]
[1717, 932, 1624, 1510, 1185, 1023, 1192, 1076, 1445, 1488]
[1607, 1576, 895, 2448, 1091, 970, 2500, 42, 138, 714]
[1782, 1101, 1281, 1120, 1099, 1007, 1178, 1066, 1445, 967]
[1743, 1621, 1085, 1154, 1566, 1057, 1312, 908, 1117, 1111]
[1472, 1418, 1046, 1435, 1216, 1432, 1232, 992, 1571, 1152]
[1455, 1312, 999, 1357, 1411, 1322, 1179, 950, 1330, 1108]
[1536, 1445, 839, 1382, 1096, 1024, 1269, 890, 1665, 1317]
[1105, 1730, 936, 1398, 1250, 1096, 2118, 964, 1480, 1063]
[1047, 978, 825, 1354, 905, 967, 1187, 958, 1112, 779]
[1175, 1055, 1123, 1196, 1541, 806, 1051, 752, 1652, 982]
[1358, 1028, 781, 1141, 999, 815, 1160, 992, 1239, 1089]
[1185, 1342, 1112, 1139, 1253, 890, 1174, 1117, 1151, 1206]
[1044, 1016, 887, 1159, 1787, 969, 1193, 805, 1189, 943]
[931, 1322, 907, 2500, 1753, 901, 1100, 965, 1312, 933]
[1059, 939, 850, 1852, 1046, 782, 988, 813, 1174, 1081]
[1111, 1242, 1097, 1348, 1109, 1012, 1098, 1106, 1742, 1005]
[1242, 1051, 883, 1339, 1296, 766, 1447, 872, 1184, 698]
[1495, 982, 1112, 642, 1014, 1050, 1307, 1543, 1292, 724]
[766, 822, 916, 1051, 1233, 1023, 1552, 1824, 975, 740]
[1062, 953, 1050, 1102, 1264, 962, 1370, 934, 1778, 734]
[1251, 1166, 882, 1230, 1235, 1124, 1096, 869, 1187, 1010]
[1082, 1020, 881, 1438, 1210, 1160, 1082, 1033, 975, 890]
[911, 1204, 851, 1122, 967, 757, 1060, 884, 1294, 986]
[854, 1042, 1063, 1050, 1185, 1007, 1116, 937, 1098, 1011]
[1147, 1047, 1096, 952, 1093, 1059, 1194, 820, 1251, 904]
[1210, 1081, 951, 1586, 1184, 1242, 1040, 766, 1094, 1230]
[1011, 1055, 990, 1568, 1613, 1303, 1714, 827, 1339, 902]
[1150, 1298, 964, 1810, 959, 1438, 1455, 943, 1223, 1111]
[1090, 1108, 1141, 1098, 1530, 983, 1270, 757, 1563, 1000]
[1076, 1180, 831, 974, 1251, 1344, 1330, 806, 998, 754]
[1122, 1233, 910, 1242, 1225, 993, 1558, 785, 1306, 920]
[988, 1077, 1004, 1158, 1093, 1359, 1181, 962, 1007, 1061]
[1159, 1293, 800, 1161, 1174, 973, 1339, 954, 1030, 674]
[1005, 1237, 805, 1113, 975, 1367, 1276, 2016, 1362, 1072]
[1056, 1464, 788, 1343, 992, 1023, 1227, 866, 1497, 950]
[1355, 1118, 1066, 946, 1059, 941, 1703, 1152, 1032, 1196]
[1132, 1998, 1008, 1596, 1087, 980, 1238, 1081, 1340, 867]
[1183, 1324, 1038, 1035, 955, 990, 1126, 769, 1572, 1081]
[914, 1451, 988, 803, 998, 733, 1041, 717, 850, 1030]
[1006, 993, 1422, 840, 993, 893, 916, 870, 1174, 873]
[1037, 1360, 1387, 1107, 1062, 1738, 896, 1010, 989, 806]
[793, 1075, 987, 1515, 1170, 1235, 888, 790, 1005, 801]
[930, 1120, 927, 1196, 1247, 1011, 1274, 1307, 1499, 962]
[975, 2237, 803, 929, 1246, 901, 1160, 897, 1112, 990]
[1036, 1025, 815, 1188, 1234, 1296, 1138, 914, 1176, 1415]
[979, 921, 779, 952, 1062, 928, 1044, 815, 948, 922]
[953, 1095, 893, 995, 970, 802, 1753, 854, 1075, 944]
[948, 980, 1180, 1640, 957, 940, 1009, 852, 982, 844]
[1005, 934, 1001, 1693, 1317, 1189, 1105, 854, 1210, 1041]
