	BlockNumber	SequenceNumber	EventNumber	Time	isHit	target	pressed	sequence	all_ipi_lsn
0	1	1	1	1798	1	3	3	1	1280
1	1	1	2	4015	1	4	4	1	2350
2	1	1	3	4747	1	2	2	1	302
3	1	1	4	4965	1	1	1	1	466
4	1	1	5	5413	1	3	3	1	615
5	1	1	6	5648	1	2	2	1	901
6	1	1	7	5981	1	4	4	1	367
7	1	1	8	6214	1	1	1	1	299
8	1	2	1	2380	1	2	2	2	915
9	1	2	2	4597	1	1	1	2	2366
10	1	2	3	4980	1	4	4	2	268
11	1	2	4	5398	1	1	1	2	316
12	1	2	5	6065	1	3	3	2	518
13	1	2	6	6331	1	2	2	2	716
14	1	2	7	6664	1	4	4	2	449
15	1	2	8	6997	0	3	1	2	267
16	1	3	1	1280	1	2	2	0	1133
17	1	3	2	3630	1	3	3	0	2332
18	1	3	3	3932	1	1	1	0	333
19	1	3	4	4398	1	4	4	0	350
20	1	3	5	5013	1	3	3	0	467
21	1	3	6	5914	1	1	1	0	415
22	1	3	7	6281	1	2	2	0	783
23	1	3	8	6580	1	4	4	0	400
24	1	4	1	983	1	2	2	2	1032
25	1	4	2	3298	0	1	3	2	2284
26	1	4	3	4532	1	4	4	2	250
27	1	4	4	5033	1	1	1	2	383
28	1	4	5	5615	1	3	3	2	915
29	1	4	6	6232	1	2	2	2	316
30	1	4	7	6597	1	4	4	2	519
31	1	4	8	7330	1	3	3	2	448
32	1	5	1	915	1	2	2	0	1133
33	1	5	2	3281	1	3	3	0	2583
34	1	5	3	3549	1	1	1	0	284
35	1	5	4	3865	1	4	4	0	332
36	1	5	5	4383	1	3	3	0	533
37	1	5	6	5099	1	1	1	0	584
38	1	5	7	5548	1	2	2	0	467
39	1	5	8	5815	1	4	4	0	281
40	1	6	1	1133	1	2	2	0	866
41	1	6	2	3465	1	3	3	0	2384
42	1	6	3	3798	1	1	1	0	266
43	1	6	4	4148	1	4	4	0	317
44	1	6	5	4615	1	3	3	0	683
45	1	6	6	5030	0	1	2	0	500
46	1	6	7	5813	1	2	2	0	966
47	1	6	8	6213	1	4	4	0	316
48	1	7	1	1599	1	2	2	2	1314
49	1	7	2	3817	1	1	1	2	2266
50	1	7	3	4199	1	3	3	2	584
51	1	7	4	4515	1	4	4	2	234
52	1	7	5	5016	1	2	2	2	765
53	1	7	6	5565	1	4	4	2	217
54	1	7	7	6064	1	1	1	2	317
55	1	7	8	6598	0	2	3	2	216
56	1	8	1	1032	1	2	2	0	2516
57	1	8	2	3316	1	3	3	0	2565
58	1	8	3	3566	1	1	1	0	350
59	1	8	4	3949	1	4	4	0	400
60	1	8	5	4864	1	3	3	0	833
61	1	8	6	5180	1	1	1	0	468
62	1	8	7	5699	1	2	2	0	348
63	1	8	8	6147	1	4	4	0	201
64	1	9	1	1133	1	2	2	0	1166
65	1	9	2	3716	1	3	3	0	2516
66	1	9	3	4000	1	1	1	0	368
67	1	9	4	4332	1	4	4	0	283
68	1	9	5	4865	1	3	3	0	599
69	1	9	6	5449	1	1	1	0	667
70	1	9	7	5916	1	2	2	0	415
71	1	9	8	6197	1	4	4	0	235
72	1	10	1	999	1	2	2	2	1098
73	1	10	2	3399	1	4	4	2	2332
74	1	10	3	3683	1	1	1	2	249
75	1	10	4	4198	1	3	3	2	336
76	1	10	5	5149	1	4	4	2	499
77	1	10	6	5615	1	2	2	2	732
78	1	10	7	6148	1	3	3	2	567
79	1	10	8	6432	1	1	1	2	199
80	1	11	1	2279	1	3	3	1	1398
81	1	11	2	4613	1	4	4	1	2300
82	1	11	3	4882	0	2	1	1	301
83	1	11	4	5547	1	1	1	1	316
84	1	11	5	6281	1	3	3	1	916
85	1	11	6	6547	1	2	2	1	418
86	1	11	7	6845	1	4	4	1	650
87	1	11	8	7114	1	1	1	1	248
88	1	12	1	1298	1	3	3	1	900
89	1	12	2	3681	1	4	4	1	3182
90	1	12	3	4065	1	2	2	1	266
91	1	12	4	4314	1	1	1	1	534
92	1	12	5	5163	1	3	3	1	567
93	1	12	6	5431	1	2	2	1	367
94	1	12	7	5747	1	4	4	1	367
95	1	12	8	5946	1	1	1	1	232
96	1	13	1	866	1	2	2	0	1218
97	1	13	2	3250	1	3	3	0	2216
98	1	13	3	3516	1	1	1	0	498
99	1	13	4	3833	1	4	4	0	302
100	1	13	5	4516	1	3	3	0	716
101	1	13	6	5016	0	1	2	0	665
102	1	13	7	5982	1	2	2	0	467
103	1	13	8	6298	1	4	4	0	250
104	1	14	1	1582	1	3	3	1	1199
105	1	14	2	3798	1	4	4	1	2267
106	1	14	3	4082	1	2	2	1	266
107	1	14	4	4246	1	1	1	1	299
108	1	14	5	5663	1	3	3	1	667
109	1	14	6	6631	1	2	2	1	750
110	1	14	7	6897	1	4	4	1	316
111	1	14	8	7046	1	1	1	1	284
112	1	15	1	1532	1	3	3	1	1216
113	2	15	2	3748	1	4	4	1	2298
114	2	15	3	4116	1	2	2	1	317
115	2	15	4	4331	1	1	1	1	350
116	2	15	5	5364	1	3	3	1	649
117	2	15	6	5614	1	2	2	1	1335
118	2	15	7	5798	1	4	4	1	249
119	2	15	8	5980	1	1	1	1	233
120	2	16	1	1233	0	2	3	2	2433
121	2	16	2	3366	0	3	2	2	2616
122	2	16	3	4316	1	1	1	2	333
123	2	16	4	4500	1	4	4	2	417
124	2	16	5	5316	1	3	3	2	582
125	2	16	6	5632	1	1	1	2	533
126	2	16	7	6931	1	2	2	2	384
127	2	16	8	7132	1	4	4	2	200
128	2	17	1	1148	1	3	3	1	1132
129	2	17	2	3317	0	4	2	1	2217
130	2	17	3	3648	0	2	4	1	231
131	2	17	4	4414	1	1	1	1	300
132	2	17	5	6780	1	3	3	1	667
133	2	17	6	7114	1	2	2	1	1316
134	2	17	7	7462	1	4	4	1	252
135	2	17	8	7663	1	1	1	1	200
136	2	18	1	1315	1	3	3	1	2365
137	2	18	2	3532	1	4	4	1	2414
138	2	18	3	3864	1	2	2	1	1384
139	2	18	4	4183	1	1	1	1	450
140	2	18	5	5049	1	3	3	1	601
141	2	18	6	5232	1	2	2	1	315
142	2	18	7	5480	1	4	4	1	868
143	2	18	8	5665	1	1	1	1	199
144	1	19	1	1314	1	2	2	0	5315
145	1	19	2	3580	1	3	3	0	3247
146	1	19	3	4164	1	1	1	0	1100
147	1	19	4	4398	1	4	4	0	751
148	1	19	5	5163	1	3	3	0	582
149	1	19	6	5380	1	1	1	0	233
150	1	19	7	5697	1	2	2	0	285
151	1	19	8	5913	1	4	4	0	299
152	2	20	1	1898	1	2	2	2	1381
153	2	20	2	4181	1	4	4	2	2549
154	2	20	3	4466	1	1	1	2	434
155	2	20	4	4899	1	3	3	2	267
156	2	20	5	5714	1	4	4	2	983
157	2	20	6	6149	1	2	2	2	300
158	2	20	7	6448	1	3	3	2	384
159	2	20	8	6630	0	1	2	2	215
160	1	21	1	2516	1	2	2	0	1250
161	1	21	2	5081	1	3	3	0	3266
162	1	21	3	5431	1	1	1	0	283
163	1	21	4	5831	1	4	4	0	415
164	1	21	5	6664	1	3	3	0	534
165	1	21	6	7132	1	1	1	0	666
166	1	21	7	7480	1	2	2	0	301
167	1	21	8	7681	1	4	4	0	215
168	2	22	1	1166	1	2	2	0	1382
169	2	22	2	3682	1	3	3	0	2900
170	2	22	3	4050	1	1	1	0	217
171	2	22	4	4333	1	4	4	0	450
172	2	22	5	4932	1	3	3	0	1750
173	2	22	6	5599	1	1	1	0	383
174	2	22	7	6014	1	2	2	0	333
175	2	22	8	6249	1	4	4	0	182
176	2	23	1	1098	1	2	2	0	1317
177	2	23	2	3430	1	3	3	0	2482
178	2	23	3	3679	1	1	1	0	332
179	2	23	4	4015	1	4	4	0	400
180	2	23	5	4514	1	3	3	0	735
181	2	23	6	5246	1	1	1	0	832
182	2	23	7	5813	1	2	2	0	282
183	2	23	8	6012	1	4	4	0	267
184	2	24	1	1665	1	3	3	1	1048
185	2	24	2	3832	1	4	4	1	2232
186	2	24	3	4149	1	2	2	1	251
187	2	24	4	4466	1	1	1	1	700
188	2	24	5	6031	1	3	3	1	665
189	2	24	6	6266	1	2	2	1	418
190	2	24	7	6598	1	4	4	1	331
191	2	24	8	6798	1	1	1	1	317
192	2	25	1	1233	1	3	3	1	1298
193	2	25	2	3498	0	4	2	1	2218
194	3	25	3	4832	1	2	2	1	250
195	3	25	4	5265	1	1	1	1	432
196	3	25	5	5847	1	3	3	1	700
197	3	25	6	6213	1	2	2	1	401
198	3	25	7	6465	1	4	4	1	416
199	3	25	8	6730	1	1	1	1	299
200	2	26	1	1398	1	2	2	0	1297
201	2	26	2	3698	1	3	3	0	2251
202	2	26	3	3999	1	1	1	0	898
203	2	26	4	4315	1	4	4	0	319
204	2	26	5	5231	1	3	3	0	632
205	2	26	6	5649	1	1	1	0	783
206	2	26	7	6299	1	2	2	0	334
207	2	26	8	6547	1	4	4	0	332
208	2	27	1	900	1	2	2	0	1897
209	2	27	2	4082	1	3	3	0	2233
210	2	27	3	4348	1	1	1	0	285
211	2	27	4	4882	1	4	4	0	399
212	2	27	5	5449	1	3	3	0	718
213	2	27	6	5816	1	1	1	0	315
214	2	27	7	6183	1	2	2	0	318
215	2	27	8	6415	1	4	4	0	383
216	3	28	1	1582	1	3	3	1	1216
217	3	28	2	3848	1	4	4	1	2184
218	3	28	3	4382	1	2	2	1	415
219	3	28	4	4647	1	1	1	1	335
220	3	28	5	5714	1	3	3	1	531
221	3	28	6	6030	1	2	2	1	1218
222	3	28	7	6429	1	4	4	1	250
223	3	28	8	6680	1	1	1	1	349
224	3	29	1	1066	1	3	3	1	1115
225	3	29	2	3381	1	4	4	1	2201
226	3	29	3	3682	1	2	2	1	233
227	3	29	4	3949	1	1	1	1	250
228	3	29	5	4465	1	3	3	1	548
229	3	29	6	4715	1	2	2	1	386
230	3	29	7	5031	1	4	4	1	266
231	3	29	8	5297	1	1	1	1	198
232	2	30	1	1218	1	2	2	0	1200
233	2	30	2	3434	1	3	3	0	2283
234	2	30	3	3932	1	1	1	0	367
235	2	30	4	4234	1	4	4	0	550
236	2	30	5	4950	1	3	3	0	1049
237	2	30	6	5615	1	1	1	0	267
238	2	30	7	6082	1	2	2	0	767
239	2	30	8	6332	1	4	4	0	314
240	2	31	1	1199	1	2	2	0	1117
241	2	31	2	3466	1	3	3	0	2282
242	2	31	3	3732	1	1	1	0	300
243	2	31	4	4031	1	4	4	0	434
244	2	31	5	4698	1	3	3	0	1016
245	2	31	6	5448	1	1	1	0	383
246	2	31	7	5764	1	2	2	0	417
247	2	31	8	6048	1	4	4	0	234
248	2	32	1	1216	1	2	2	0	1465
249	2	32	2	3514	1	3	3	0	2966
250	2	32	3	3831	1	1	1	0	399
251	2	32	4	4181	1	4	4	0	466
252	2	32	5	4830	0	3	2	0	1001
253	2	32	6	6165	1	1	1	0	732
254	2	32	7	6414	1	2	2	0	616
255	2	32	8	6647	1	4	4	0	967
256	2	33	1	2433	0	2	3	0	1998
257	2	33	2	5049	1	3	3	0	2368
258	2	33	3	5382	1	1	1	0	315
259	2	33	4	5799	1	4	4	0	483
260	2	33	5	6381	1	3	3	0	1017
261	2	33	6	6914	1	1	1	0	367
262	2	33	7	7298	1	2	2	0	383
263	2	33	8	7498	1	4	4	0	233
264	3	34	1	1132	1	2	2	0	866
265	3	34	2	3349	1	3	3	0	3014
266	3	34	3	3580	1	1	1	0	384
267	3	34	4	3880	1	4	4	0	334
268	3	34	5	4547	0	3	2	0	583
269	3	34	6	5863	1	1	1	0	383
270	3	34	7	6115	1	2	2	0	333
271	3	34	8	6315	1	4	4	0	218
272	3	35	1	2365	1	2	2	0	1083
273	3	35	2	4779	0	3	4	0	2250
274	3	35	3	6163	1	1	1	0	233
275	3	35	4	6613	1	4	4	0	251
276	3	35	5	7214	1	3	3	0	698
277	3	35	6	7529	1	1	1	0	317
278	3	35	7	8397	1	2	2	0	282
279	3	35	8	8596	1	4	4	0	201
280	3	36	1	5315	0	2	4	0	1364
281	3	36	2	8562	0	3	1	0	2318
282	3	36	3	9662	1	1	1	0	249
283	3	36	4	10413	1	4	4	0	284
284	3	36	5	10995	1	3	3	0	683
285	3	36	6	11228	1	1	1	0	317
286	3	36	7	11513	1	2	2	0	267
287	3	36	8	11812	1	4	4	0	216
288	2	37	1	1265	1	2	2	2	931
289	2	37	2	3583	1	1	1	2	2234
290	2	37	3	4199	1	4	4	2	200
291	2	37	4	4665	1	1	1	2	315
292	2	37	5	5214	1	3	3	2	868
293	2	37	6	6015	1	2	2	2	1617
294	2	37	7	6330	1	4	4	2	266
295	2	37	8	6648	0	3	1	2	234
296	3	38	1	1381	1	2	2	0	2065
297	3	38	2	3930	1	3	3	0	2233
298	3	38	3	4364	1	1	1	0	250
299	3	38	4	4631	1	4	4	0	283
300	3	38	5	5614	1	3	3	0	832
301	3	38	6	5914	1	1	1	0	366
302	3	38	7	6298	1	2	2	0	283
303	3	38	8	6513	1	4	4	0	218
304	3	39	1	1364	1	3	3	1	1329
305	3	39	2	3731	1	4	4	1	2201
306	3	39	3	4265	1	2	2	1	249
307	3	39	4	4514	1	1	1	1	267
308	3	39	5	5315	1	3	3	1	851
309	3	39	6	5515	1	2	2	1	434
310	3	39	7	5848	1	4	4	1	233
311	3	39	8	6063	1	1	1	1	199
312	3	40	1	1250	1	2	2	0	1183
313	3	40	2	4516	1	3	3	0	2266
314	3	40	3	4799	1	1	1	0	201
315	3	40	4	5214	1	4	4	0	365
316	3	40	5	5748	1	3	3	0	1599
317	3	40	6	6414	1	1	1	0	252
318	3	40	7	6715	1	2	2	0	249
319	3	40	8	6930	1	4	4	0	167
320	2	41	1	999	1	1	1	2	1164
321	2	41	2	3316	1	2	2	2	2234
322	2	41	3	3715	1	4	4	2	200
323	2	41	4	4548	1	1	1	2	268
324	2	41	5	4983	1	3	3	2	798
325	2	41	6	5250	0	4	2	2	252
326	2	41	7	6015	1	2	2	2	249
327	2	41	8	6664	1	3	3	2	198
328	3	42	1	1382	1	3	3	1	1233
329	3	42	2	3600	1	4	4	1	2199
330	3	42	3	5348	1	2	2	1	234
331	4	42	4	6549	1	1	1	1	750
332	4	42	5	7182	1	3	3	1	1049
333	4	42	6	7730	1	2	2	1	284
334	4	42	7	8031	1	4	4	1	334
335	4	42	8	8280	1	1	1	1	133
336	3	43	1	1217	1	2	2	2	1465
337	3	43	2	3565	1	1	1	2	2184
338	3	43	3	3982	0	4	3	2	233
339	3	43	4	4198	0	1	4	2	250
340	3	43	5	5315	1	3	3	2	883
341	3	43	6	5899	1	2	2	2	283
342	3	43	7	6198	1	4	4	2	233
343	3	43	8	6516	0	3	1	2	216
344	4	44	1	1846	1	3	3	1	1200
345	4	44	2	4065	1	4	4	1	2182
346	4	44	3	4431	1	2	2	1	266
347	4	44	4	4663	1	1	1	1	233
348	4	44	5	5462	1	3	3	1	851
349	4	44	6	5648	1	2	2	1	250
350	4	44	7	6264	0	4	1	1	284
351	4	44	8	6896	1	1	1	1	199
352	4	45	1	1714	0	3	4	1	1265
353	4	45	2	4831	1	4	4	1	2233
354	4	45	3	5264	0	2	4	1	266
355	4	45	4	9662	1	1	1	1	235
356	4	45	5	10380	1	3	3	1	1232
357	4	45	6	10962	1	2	2	1	399
358	4	45	7	11263	1	4	4	1	1084
359	4	45	8	11478	1	1	1	1	550
360	4	46	1	1049	1	3	3	1	1347
361	4	46	2	3250	1	4	4	1	2183
362	4	46	3	3634	1	2	2	1	250
363	4	46	4	3882	1	1	1	1	267
364	4	46	5	4516	1	3	3	1	551
365	4	46	6	4700	1	2	2	1	1017
366	4	46	7	4915	1	4	4	1	266
367	4	46	8	5131	1	1	1	1	200
368	3	47	1	1382	1	2	2	0	1332
369	3	47	2	4282	1	3	3	0	2233
370	3	47	3	4499	1	1	1	0	416
371	3	47	4	4949	1	4	4	0	384
372	3	47	5	6699	1	3	3	0	600
373	3	47	6	7082	1	1	1	0	333
374	3	47	7	7415	1	2	2	0	301
375	3	47	8	7597	1	4	4	0	416
376	4	48	1	1700	1	3	3	1	1367
377	4	48	2	3899	1	4	4	1	3082
378	4	48	3	4199	1	2	2	1	234
379	4	48	4	4432	1	1	1	1	799
380	5	48	5	5166	1	3	3	1	548
381	5	48	6	5731	1	2	2	1	301
382	5	48	7	6232	1	4	4	1	700
383	5	48	8	6431	1	1	1	1	299
384	3	49	1	1165	1	4	4	2	1383
385	3	49	2	3447	1	1	1	2	2267
386	3	49	3	4149	1	3	3	2	199
387	3	49	4	4464	1	2	2	2	333
388	3	49	5	4864	1	4	4	2	868
389	3	49	6	5764	1	3	3	2	349
390	3	49	7	6063	1	1	1	2	716
391	3	49	8	6297	0	2	3	2	250
392	3	50	1	1317	1	2	2	0	1283
393	3	50	2	3799	1	3	3	0	2247
394	3	50	3	4131	1	1	1	0	251
395	3	50	4	4531	1	4	4	0	333
396	3	50	5	5266	0	3	2	0	584
397	3	50	6	6098	1	1	1	0	333
398	3	50	7	6380	1	2	2	0	418
399	3	50	8	6647	1	4	4	0	198
400	5	51	1	1264	1	3	3	1	1150
401	5	51	2	3548	1	4	4	1	2233
402	5	51	3	3998	1	2	2	1	232
403	5	51	4	4332	1	1	1	1	283
404	5	51	5	5214	1	3	3	1	1002
405	5	51	6	5480	1	2	2	1	748
406	5	51	7	5765	1	4	4	1	251
407	5	51	8	5965	1	1	1	1	200
408	3	52	1	882	1	1	1	2	1432
409	3	52	2	3647	1	3	3	2	2348
410	3	52	3	4132	1	4	4	2	384
411	3	52	4	4581	1	2	2	2	400
412	3	52	5	4998	1	4	4	2	984
413	3	52	6	5480	1	1	1	2	232
414	3	52	7	6181	0	3	2	2	235
415	3	52	8	7331	0	2	3	2	181
416	3	53	1	1048	1	2	2	0	1064
417	3	53	2	3280	1	3	3	0	2217
418	3	53	3	3531	0	1	4	0	219
419	3	53	4	4231	1	4	4	0	249
420	3	53	5	4896	1	3	3	0	800
421	3	53	6	5314	1	1	1	0	848
422	3	53	7	5645	1	2	2	0	234
423	3	53	8	5962	1	4	4	0	200
424	4	54	1	1298	1	2	2	0	1181
425	4	54	2	3516	1	3	3	0	2467
426	4	54	3	3766	1	1	1	0	267
427	4	54	4	4198	1	4	4	0	234
428	4	54	5	4898	1	3	3	0	649
429	4	54	6	5299	1	1	1	0	266
430	4	54	7	5715	1	2	2	0	500
431	4	54	8	6014	1	4	4	0	267
432	5	55	1	2167	1	3	3	1	966
433	5	55	2	4567	1	4	4	1	2366
434	5	55	3	5033	1	2	2	1	284
435	5	55	4	5316	1	1	1	1	351
436	5	55	5	6314	1	3	3	1	1098
437	5	55	6	6647	1	2	2	1	1265
438	5	55	7	6948	1	4	4	1	302
439	5	55	8	7181	1	1	1	1	250
440	3	56	1	1099	1	1	1	2	1081
441	3	56	2	3382	1	2	2	2	2182
442	3	56	3	3732	1	4	4	2	202
443	3	56	4	4348	1	1	1	2	215
444	3	56	5	4981	1	3	3	2	883
445	3	56	6	5247	0	4	2	2	269
446	3	56	7	5715	1	2	2	2	282
447	3	56	8	6964	1	3	3	2	199
448	4	57	1	1998	1	2	2	2	1365
449	4	57	2	4215	1	4	4	2	2282
450	4	57	3	4415	1	1	1	2	218
451	4	57	4	4980	1	3	3	2	283
452	4	57	5	5698	1	4	4	2	565
453	4	57	6	6380	0	2	3	2	868
454	4	57	7	6963	1	3	3	2	383
455	4	57	8	7313	1	1	1	2	167
456	5	58	1	1515	1	3	3	1	1448
457	5	58	2	3717	1	4	4	1	2835
458	5	58	3	4049	1	2	2	1	300
459	5	58	4	4249	1	1	1	1	300
460	5	58	5	5148	1	3	3	1	449
461	5	58	6	5482	1	2	2	1	600
462	5	58	7	5764	1	4	4	1	283
463	5	58	8	5982	1	1	1	1	201
464	4	59	1	1048	1	1	1	2	1381
465	4	59	2	3297	1	2	2	2	2783
466	4	59	3	3581	1	4	4	2	232
467	4	59	4	3798	1	1	1	2	668
468	4	59	5	4549	1	3	3	2	899
469	4	59	6	4799	1	4	4	2	332
470	4	59	7	5096	1	2	2	2	302
471	4	59	8	5315	0	3	1	2	215
472	4	60	1	1330	1	2	2	2	1900
473	4	60	2	3565	1	3	3	2	2216
474	4	60	3	3831	1	1	1	2	283
475	4	60	4	4265	1	4	4	2	266
476	4	60	5	5180	1	3	3	2	633
477	4	60	6	5646	1	1	1	2	451
478	4	60	7	6164	1	2	2	2	250
479	4	60	8	6448	1	4	4	2	233
480	4	61	1	1297	1	2	2	0	1334
481	4	61	2	3548	1	3	3	0	2349
482	4	61	3	4446	1	1	1	0	1100
483	4	61	4	4765	1	4	4	0	283
484	4	61	5	5397	1	3	3	0	616
485	4	61	6	6180	1	1	1	0	382
486	4	61	7	6514	1	2	2	0	350
487	4	61	8	6846	1	4	4	0	169
488	5	62	1	1267	1	3	3	1	1216
489	5	62	2	4049	1	4	4	1	2333
490	5	62	3	4516	1	2	2	1	284
491	5	62	4	4831	1	1	1	1	432
492	5	62	5	6315	1	3	3	1	667
493	6	62	6	7065	1	2	2	1	883
494	6	62	7	7396	1	4	4	1	317
495	6	62	8	7598	1	1	1	1	268
496	6	63	1	1164	1	3	3	1	1497
497	6	63	2	3765	1	4	4	1	2400
498	6	63	3	4281	1	2	2	1	217
499	6	63	4	4447	1	1	1	1	316
500	6	63	5	5496	1	3	3	1	684
501	6	63	6	5746	1	2	2	1	866
502	6	63	7	6648	1	4	4	1	233
503	6	63	8	6846	1	1	1	1	234
504	4	64	1	1897	1	2	2	0	915
505	4	64	2	4130	1	3	3	0	2232
506	4	64	3	4415	1	1	1	0	301
507	4	64	4	4814	1	4	4	0	682
508	4	64	5	5532	1	3	3	0	651
509	4	64	6	5847	1	1	1	0	383
510	4	64	7	6165	1	2	2	0	267
511	4	64	8	6548	1	4	4	0	233
512	4	65	1	948	1	1	1	2	915
513	4	65	2	3966	1	2	2	2	2283
514	4	65	3	4465	1	4	4	2	233
515	4	65	4	4848	1	1	1	2	267
516	4	65	5	5614	1	3	3	2	549
517	4	65	6	5865	0	4	2	2	318
518	4	65	7	6197	0	2	4	2	416
519	4	65	8	7179	1	3	3	2	283
520	4	66	1	1216	1	2	2	0	1064
521	4	66	2	3400	1	3	3	0	2350
522	4	66	3	3815	1	1	1	0	266
523	4	66	4	4150	1	4	4	0	284
524	4	66	5	4681	0	3	2	0	718
525	4	66	6	5899	1	1	1	0	399
526	4	66	7	6149	1	2	2	0	250
527	4	66	8	6498	1	4	4	0	284
528	4	67	1	1115	1	2	2	0	1114
529	4	67	2	3316	1	3	3	0	2182
530	4	67	3	3549	1	1	1	0	202
531	4	67	4	3799	1	4	4	0	216
532	4	67	5	4347	1	3	3	0	1100
533	4	67	6	4733	1	1	1	0	350
534	4	67	7	4999	1	2	2	0	300
535	4	67	8	5197	1	4	4	0	248
536	4	68	1	1200	1	2	2	0	1166
537	4	68	2	3483	1	3	3	0	2201
538	4	68	3	3850	1	1	1	0	266
539	4	68	4	4400	1	4	4	0	267
540	4	68	5	5449	1	3	3	0	500
541	4	68	6	5716	1	1	1	0	349
542	4	68	7	6483	1	2	2	0	717
543	4	68	8	6797	1	4	4	0	183
544	5	69	1	899	1	1	1	2	1398
545	5	69	2	3383	1	3	3	2	2201
546	5	69	3	4632	1	4	4	2	182
547	5	69	4	5050	1	2	2	2	218
548	5	69	5	5432	1	4	4	2	1181
549	5	69	6	5865	1	1	1	2	318
550	5	69	7	6848	0	3	2	2	832
551	5	69	8	8097	1	2	2	2	585
552	4	70	1	1117	1	2	2	0	1481
553	4	70	2	3399	1	3	3	0	2217
554	4	70	3	3699	1	1	1	0	448
555	4	70	4	4133	1	4	4	0	384
556	4	70	5	5149	1	3	3	0	501
557	4	70	6	5532	1	1	1	0	632
558	4	70	7	5949	1	2	2	0	100
559	4	70	8	6183	1	4	4	0	467
560	6	71	1	1632	1	3	3	1	1265
561	6	71	2	3996	0	4	2	1	2450
562	6	71	3	5229	1	2	2	1	265
563	6	71	4	5731	1	1	1	1	250
564	6	71	5	6529	1	3	3	1	917
565	6	71	6	7245	1	2	2	1	584
566	6	71	7	7428	1	4	4	1	332
567	6	71	8	7730	1	1	1	1	184
568	4	72	1	1465	1	2	2	0	900
569	4	72	2	4431	1	3	3	0	2297
570	4	72	3	4830	1	1	1	0	267
571	4	72	4	5296	1	4	4	0	300
572	4	72	5	6297	1	3	3	0	567
573	4	72	6	7029	1	1	1	0	634
574	4	72	7	7645	0	2	3	0	431
575	4	72	8	8612	1	4	4	0	235
576	5	73	1	1998	1	2	2	0	1166
577	5	73	2	4366	1	3	3	0	2233
578	5	73	3	4681	1	1	1	0	266
579	5	73	4	5164	1	4	4	0	299
580	5	73	5	6181	1	3	3	0	883
581	5	73	6	6548	1	1	1	0	285
582	5	73	7	6931	1	2	2	0	249
583	5	73	8	7164	1	4	4	0	199
584	5	74	1	866	1	2	2	0	949
585	5	74	2	3880	1	3	3	0	2216
586	5	74	3	4264	1	1	1	0	218
587	5	74	4	4598	1	4	4	0	298
588	5	74	5	5181	1	3	3	0	984
589	5	74	6	5564	1	1	1	0	284
590	5	74	7	5897	1	2	2	0	267
591	5	74	8	6115	1	4	4	0	215
592	6	75	1	1315	1	3	3	1	900
593	6	75	2	3547	1	4	4	1	2283
594	6	75	3	3846	1	2	2	1	550
595	6	75	4	4115	1	1	1	1	316
596	6	75	5	5130	1	3	3	1	551
597	6	75	6	5347	1	2	2	1	731
598	6	75	7	5564	1	4	4	1	267
599	6	75	8	5746	1	1	1	1	201
600	5	76	1	1083	1	2	2	0	1765
601	5	76	2	3333	1	3	3	0	2483
602	5	76	3	3566	1	1	1	0	783
603	5	76	4	3817	1	4	4	0	566
604	5	76	5	4515	1	3	3	0	468
605	5	76	6	4832	1	1	1	0	849
606	5	76	7	5114	1	2	2	0	316
607	5	76	8	5315	1	4	4	0	302
608	5	77	1	1364	1	2	2	0	1596
609	5	77	2	3682	1	3	3	0	2267
610	5	77	3	3931	1	1	1	0	251
611	5	77	4	4215	1	4	4	0	749
612	5	77	5	4898	1	3	3	0	1600
613	5	77	6	5215	1	1	1	0	249
614	5	77	7	5482	1	2	2	0	267
615	5	77	8	5698	1	4	4	0	217
616	5	78	1	931	1	2	2	0	1349
617	5	78	2	3165	1	3	3	0	2249
618	5	78	3	3365	1	1	1	0	1750
619	5	78	4	3680	1	4	4	0	483
620	5	78	5	4548	0	3	2	0	899
621	5	78	6	6165	1	1	1	0	283
622	5	78	7	6431	1	2	2	0	649
623	5	78	8	6665	1	4	4	0	250
624	5	79	1	2065	1	2	2	0	1232
625	5	79	2	4298	1	3	3	0	2266
626	5	79	3	4548	1	1	1	0	249
627	5	79	4	4831	1	4	4	0	283
628	5	79	5	5663	1	3	3	0	701
629	5	79	6	6029	1	1	1	0	633
630	5	79	7	6312	1	2	2	0	332
631	5	79	8	6530	1	4	4	0	266
632	5	80	1	1514	1	4	4	2	979
633	5	80	2	3751	1	1	1	2	2250
634	5	80	3	4449	1	3	3	2	352
635	5	80	4	4698	1	2	2	2	298
636	5	80	5	5197	1	4	4	2	817
637	5	80	6	7546	1	3	3	2	251
638	5	80	7	7812	1	1	1	2	1082
639	5	80	8	8014	1	2	2	2	301
640	5	81	1	1329	1	2	2	0	1798
641	5	81	2	3530	1	3	3	0	2217
642	5	81	3	3779	1	1	1	0	732
643	5	81	4	4046	1	4	4	0	218
644	5	81	5	4897	1	3	3	0	448
645	5	81	6	5331	1	1	1	0	235
646	5	81	7	5564	1	2	2	0	333
647	5	81	8	5763	1	4	4	0	233
648	5	82	1	1183	1	2	2	0	2279
649	5	82	2	3449	1	3	3	0	2334
650	5	82	3	3650	1	1	1	0	269
651	5	82	4	4015	1	4	4	0	665
652	5	82	5	5614	1	3	3	0	734
653	5	82	6	5866	1	1	1	0	266
654	5	82	7	6115	1	2	2	0	298
655	5	82	8	6282	1	4	4	0	269
656	6	83	1	1648	1	3	3	1	1298
657	6	83	2	3847	1	4	4	1	2383
658	6	83	3	4230	1	2	2	1	384
659	6	83	4	4430	1	1	1	1	249
660	6	83	5	5381	1	3	3	1	849
661	6	83	6	5697	1	2	2	1	268
662	7	83	7	6014	1	4	4	1	316
663	7	83	8	6281	1	1	1	1	199
664	7	84	1	1363	1	3	3	1	1582
665	7	84	2	3548	1	4	4	1	2216
666	7	84	3	3815	1	2	2	1	284
667	7	84	4	4148	1	1	1	1	164
668	7	84	5	5015	1	3	3	1	1417
669	7	84	6	5264	1	2	2	1	968
670	7	84	7	5497	1	4	4	1	266
671	7	84	8	5764	1	1	1	1	149
672	6	85	1	1164	1	2	2	0	1532
673	6	85	2	3398	1	3	3	0	3748
674	6	85	3	3598	1	1	1	0	368
675	6	85	4	3866	1	4	4	0	215
676	6	85	5	4664	1	3	3	0	1033
677	6	85	6	4916	1	1	1	0	250
678	6	85	7	5165	1	2	2	0	184
679	6	85	8	5363	1	4	4	0	182
680	5	86	1	1050	1	2	2	2	1148
681	5	86	2	3317	1	4	4	2	2169
682	5	86	3	3683	1	1	1	2	331
683	5	86	4	4316	1	3	3	2	766
684	5	86	5	5216	0	4	1	2	2366
685	5	86	6	6731	1	2	2	2	334
686	5	86	7	7399	1	3	3	2	348
687	5	86	8	7614	1	1	1	2	201
688	6	87	1	1233	1	2	2	0	1315
689	6	87	2	3432	1	3	3	0	2217
690	6	87	3	3666	0	1	4	0	332
691	6	87	4	4416	1	4	4	0	319
692	6	87	5	5465	1	3	3	0	866
693	6	87	6	5749	1	1	1	0	183
694	6	87	7	6083	1	2	2	0	248
695	6	87	8	6216	1	4	4	0	185
696	5	88	1	1330	1	2	2	2	1665
697	5	88	2	3531	1	4	4	2	2167
698	5	88	3	3799	1	1	1	2	317
699	5	88	4	4414	1	3	3	2	317
700	5	88	5	5631	1	4	4	2	1565
701	5	88	6	6014	1	2	2	2	235
702	5	88	7	6212	1	3	3	2	332
703	5	88	8	6430	1	1	1	2	200
704	6	89	1	1899	1	4	4	2	1233
705	6	89	2	4415	1	1	1	2	2265
706	6	89	3	5148	1	3	3	2	4832
707	6	89	4	5465	1	2	2	2	433
708	6	89	5	5764	1	4	4	2	582
709	6	89	6	7130	1	3	3	2	366
710	6	89	7	7380	1	1	1	2	252
711	6	89	8	7581	1	2	2	2	265
712	6	90	1	1465	1	2	2	0	1582
713	6	90	2	3649	1	3	3	0	2266
714	6	90	3	3882	1	1	1	0	534
715	6	90	4	4132	1	4	4	0	265
716	6	90	5	5015	1	3	3	0	1067
717	6	90	6	5298	1	1	1	0	316
718	6	90	7	5531	1	2	2	0	399
719	6	90	8	5747	1	4	4	0	251
720	6	91	1	1200	1	2	2	0	1066
721	6	91	2	3382	1	3	3	0	2315
722	6	91	3	3648	1	1	1	0	301
723	6	91	4	3881	1	4	4	0	267
724	6	91	5	4732	1	3	3	0	516
725	6	91	6	4982	1	1	1	0	250
726	6	91	7	5266	1	2	2	0	316
727	6	91	8	5465	1	4	4	0	266
728	6	92	1	1265	1	2	2	0	1364
729	6	92	2	3498	1	3	3	0	2367
730	6	92	3	3764	1	1	1	0	534
731	6	92	4	3999	1	4	4	0	249
732	6	92	5	5231	1	3	3	0	801
733	6	92	6	5630	1	1	1	0	200
734	6	92	7	6714	1	2	2	0	333
735	6	92	8	7264	1	4	4	0	215
736	6	93	1	1347	1	2	2	0	1382
737	6	93	2	3530	1	3	3	0	2218
738	6	93	3	3780	1	1	1	0	1748
739	6	93	4	4047	1	4	4	0	6549
740	6	93	5	4598	1	3	3	0	633
741	6	93	6	5615	1	1	1	0	548
742	6	93	7	5881	1	2	2	0	301
743	6	93	8	6081	1	4	4	0	249
744	7	94	1	1465	1	3	3	1	1846
745	7	94	2	3765	1	4	4	1	2219
746	7	94	3	4048	1	2	2	1	366
747	7	94	4	4363	1	1	1	1	232
748	7	94	5	4915	1	3	3	1	799
749	7	94	6	5131	1	2	2	1	186
750	7	94	7	5364	1	4	4	1	616
751	7	94	8	5679	1	1	1	1	632
752	6	95	1	1132	1	2	2	2	1714
753	6	95	2	3600	1	1	1	2	3117
754	6	95	3	4149	1	3	3	2	433
755	6	95	4	4665	1	4	4	2	4398
756	6	95	5	5399	1	2	2	2	718
757	6	95	6	5714	1	4	4	2	582
758	6	95	7	6415	1	1	1	2	301
759	6	95	8	6731	1	2	2	2	215
760	7	96	1	1198	1	3	3	1	1049
761	7	96	2	3632	1	4	4	1	2201
762	7	96	3	3999	1	2	2	1	384
763	7	96	4	4232	1	1	1	1	248
764	7	96	5	5365	1	3	3	1	634
765	7	96	6	5547	1	2	2	1	184
766	7	96	7	5797	1	4	4	1	215
767	7	96	8	6015	1	1	1	1	216
768	6	97	1	1080	1	2	2	2	1700
769	6	97	2	3316	1	1	1	2	2199
770	6	97	3	3781	1	3	3	2	300
771	6	97	4	4263	1	4	4	2	233
772	6	97	5	4896	1	2	2	2	5166
773	6	97	6	5231	1	4	4	2	565
774	6	97	7	6131	1	1	1	2	501
775	6	97	8	6312	1	2	2	2	199
776	6	98	1	1332	1	2	2	0	1264
777	6	98	2	3565	1	3	3	0	2284
778	6	98	3	3981	1	1	1	0	450
779	6	98	4	4365	1	4	4	0	334
780	6	98	5	4965	1	3	3	0	882
781	6	98	6	5298	1	1	1	0	266
782	6	98	7	5599	1	2	2	0	285
783	6	98	8	6015	1	4	4	0	200
784	6	99	1	1132	1	4	4	2	2167
785	6	99	2	3466	1	3	3	2	2400
786	6	99	3	3798	1	1	1	2	466
787	6	99	4	4016	1	4	4	2	283
788	6	99	5	4365	1	3	3	2	998
789	6	99	6	4981	1	1	1	2	333
790	6	99	7	5697	1	4	4	2	301
791	6	99	8	5980	1	2	2	2	233
792	7	100	1	1532	1	3	3	1	1515
793	7	100	2	3733	1	4	4	1	2202
794	7	100	3	3982	1	2	2	1	332
795	7	100	4	4232	1	1	1	1	200
796	7	100	5	4748	1	3	3	1	899
797	7	100	6	5332	1	2	2	1	334
798	7	100	7	5699	1	4	4	1	282
799	8	100	8	6031	1	1	1	1	218
800	8	101	1	984	1	3	3	1	1267
801	8	101	2	3233	1	4	4	1	2782
802	8	101	3	3667	1	2	2	1	467
803	8	101	4	3850	1	1	1	1	315
804	8	101	5	4332	1	3	3	1	1484
805	8	101	6	4565	1	2	2	1	7065
806	8	101	7	4866	1	4	4	1	331
807	8	101	8	5081	1	1	1	1	202
808	6	102	1	1367	0	2	3	0	1164
809	6	102	2	4449	1	3	3	0	2601
810	6	102	3	4683	0	1	4	0	516
811	6	102	4	5482	1	4	4	0	166
812	6	102	5	6030	1	3	3	0	1049
813	6	102	6	6331	1	1	1	0	250
814	6	102	7	7031	1	2	2	0	902
815	6	102	8	7330	1	4	4	0	198
816	8	103	1	1116	1	3	3	1	1632
817	8	103	2	3282	1	4	4	1	2364
818	8	103	3	3565	1	2	2	1	1233
819	8	103	4	3766	1	1	1	1	502
820	8	103	5	4332	1	3	3	1	798
821	8	103	6	4516	1	2	2	1	716
822	8	103	7	5231	1	4	4	1	183
823	8	103	8	5432	1	1	1	1	302
824	7	104	1	1032	1	1	1	2	1315
825	7	104	2	3498	1	3	3	2	2232
826	7	104	3	3915	1	4	4	2	299
827	7	104	4	4298	1	2	2	2	269
828	7	104	5	4747	1	4	4	2	1015
829	7	104	6	5731	1	1	1	2	217
830	7	104	7	6514	1	3	3	2	217
831	7	104	8	7230	1	2	2	2	182
832	7	105	1	1383	1	2	2	0	1648
833	7	105	2	3650	1	3	3	0	2199
834	7	105	3	3849	1	1	1	0	383
835	7	105	4	4182	1	4	4	0	200
836	7	105	5	5050	1	3	3	0	951
837	7	105	6	5399	1	1	1	0	316
838	7	105	7	6115	1	2	2	0	6014
839	7	105	8	6365	1	4	4	0	267
840	7	106	1	1283	1	2	2	0	1363
841	7	106	2	3530	1	3	3	0	2185
842	7	106	3	3781	1	1	1	0	267
843	7	106	4	4114	1	4	4	0	333
844	7	106	5	4698	1	3	3	0	867
845	7	106	6	5031	1	1	1	0	249
846	7	106	7	5449	1	2	2	0	233
847	7	106	8	5647	1	4	4	0	267
848	8	107	1	1448	1	3	3	1	1465
849	8	107	2	3731	1	4	4	1	2300
850	8	107	3	3998	1	2	2	1	283
851	8	107	4	4215	1	1	1	1	315
852	8	107	5	5249	1	3	3	1	552
853	8	107	6	5498	1	2	2	1	216
854	8	107	7	5730	1	4	4	1	233
855	8	107	8	5964	1	1	1	1	315
856	8	108	1	1049	1	3	3	1	1198
857	8	108	2	3299	0	4	2	1	2434
858	8	108	3	4949	1	2	2	1	367
859	8	108	4	5166	1	1	1	1	233
860	8	108	5	6032	1	3	3	1	1133
861	8	108	6	6565	1	2	2	1	182
862	8	108	7	7047	1	4	4	1	250
863	8	108	8	7297	1	1	1	1	218
864	7	109	1	1150	1	2	2	0	1532
865	7	109	2	3383	1	3	3	0	2201
866	7	109	3	3615	1	1	1	0	249
867	7	109	4	3898	1	4	4	0	250
868	7	109	5	4900	1	3	3	0	516
869	7	109	6	5648	1	1	1	0	584
870	7	109	7	5899	1	2	2	0	367
871	7	109	8	6099	1	4	4	0	6031
872	9	110	1	1581	1	3	3	1	984
873	9	110	2	3815	1	4	4	1	2249
874	9	110	3	4129	1	2	2	1	434
875	9	110	4	4380	1	1	1	1	183
876	9	110	5	5446	0	3	2	1	482
877	9	110	6	5946	0	2	3	1	233
878	9	110	7	7064	1	4	4	1	301
879	9	110	8	7230	1	1	1	1	215
880	7	111	1	1432	1	2	2	0	1116
881	7	111	2	3780	1	3	3	0	2166
882	7	111	3	4164	1	1	1	0	283
883	7	111	4	4564	1	4	4	0	201
884	7	111	5	5548	1	3	3	0	566
885	7	111	6	5780	1	1	1	0	184
886	7	111	7	6015	1	2	2	0	715
887	7	111	8	6196	1	4	4	0	201
888	9	112	1	1433	1	3	3	1	1448
889	9	112	2	3650	1	4	4	1	2283
890	9	112	3	3917	1	2	2	1	267
891	9	112	4	4098	1	1	1	1	217
892	9	112	5	4649	1	3	3	1	1034
893	9	112	6	4866	1	2	2	1	249
894	9	112	7	5066	1	4	4	1	232
895	9	112	8	5265	1	1	1	1	234
896	7	113	1	1064	1	2	2	0	1049
897	7	113	2	3281	1	3	3	0	2250
898	7	113	3	3500	1	1	1	0	1650
899	7	113	4	3749	1	4	4	0	217
900	7	113	5	4549	1	3	3	0	866
901	7	113	6	5397	1	1	1	0	533
902	7	113	7	5631	1	2	2	0	482
903	7	113	8	5831	1	4	4	0	250
904	7	114	1	1531	1	2	2	2	1581
905	7	114	2	3965	1	3	3	2	2234
906	7	114	3	4199	1	1	1	2	314
907	7	114	4	4497	1	4	4	2	251
908	7	114	5	5148	1	3	3	2	1066
909	7	114	6	5681	1	1	1	2	500
910	7	114	7	5981	1	2	2	2	1118
911	7	114	8	6197	1	4	4	2	166
912	7	115	1	1015	1	4	4	2	1433
913	7	115	2	3681	1	3	3	2	2217
914	7	115	3	3999	1	1	1	2	267
915	7	115	4	4516	1	4	4	2	181
916	7	115	5	5415	1	3	3	2	551
917	7	115	6	5798	1	1	1	2	217
918	7	115	7	6547	1	4	4	2	200
919	7	115	8	6913	1	2	2	2	199
920	7	116	1	1100	1	2	2	2	2117
921	7	116	2	3599	1	3	3	2	2231
922	7	116	3	4033	1	1	1	2	267
923	7	116	4	4700	1	4	4	2	267
924	7	116	5	5849	0	3	2	2	582
925	7	116	6	6714	1	1	1	2	266
926	7	116	7	7480	1	2	2	2	301
927	7	116	8	7764	1	4	4	2	216
928	7	117	1	1181	1	2	2	0	1197
929	7	117	2	3648	1	3	3	0	2284
930	7	117	3	3915	1	1	1	0	267
931	7	117	4	4149	1	4	4	0	317
932	7	117	5	4798	1	3	3	0	333
933	7	117	6	5064	1	1	1	0	266
934	7	117	7	5564	1	2	2	0	218
935	7	117	8	5831	1	4	4	0	281
936	7	118	1	966	1	2	2	0	1067
937	7	118	2	3332	1	3	3	0	3301
938	7	118	3	3616	1	1	1	0	332
939	7	118	4	3967	1	4	4	0	282
940	7	118	5	5065	0	3	2	0	551
941	7	118	6	6330	1	1	1	0	283
942	7	118	7	6632	1	2	2	0	250
943	7	118	8	6882	1	4	4	0	267
944	7	119	1	1081	1	2	2	0	1614
945	7	119	2	3263	1	3	3	0	2483
946	7	119	3	3465	1	1	1	0	399
947	7	119	4	3680	1	4	4	0	219
948	7	119	5	4563	1	3	3	0	499
949	7	119	6	4832	1	1	1	0	266
950	7	119	7	5114	1	2	2	0	268
951	7	119	8	5313	1	4	4	0	282
952	8	120	1	966	1	4	4	2	1134
953	8	120	2	3316	1	3	3	2	2382
954	8	120	3	3533	1	1	1	2	318
955	8	120	4	4000	1	4	4	2	298
956	8	120	5	4683	1	3	3	2	718
957	8	120	6	5031	0	1	4	2	232
958	8	120	7	5799	1	4	4	2	233
959	8	120	8	6231	1	2	2	2	219
960	8	121	1	866	1	1	1	2	1332
961	8	121	2	3298	1	3	3	2	2266
962	8	121	3	3750	0	4	2	2	316
963	8	121	4	4298	0	2	4	2	250
964	8	121	5	5231	1	4	4	2	882
965	8	121	6	5582	1	1	1	2	335
966	8	121	7	6082	0	3	2	2	283
967	8	121	8	6215	0	2	3	2	249
968	8	122	1	1365	1	2	2	0	2380
969	8	122	2	3647	1	3	3	0	2217
970	8	122	3	3865	1	1	1	0	383
971	8	122	4	4148	1	4	4	0	418
972	8	122	5	4713	1	3	3	0	667
973	8	122	6	5581	1	1	1	0	266
974	8	122	7	5964	1	2	2	0	333
975	8	122	8	6131	1	4	4	0	333
976	8	123	1	1014	1	2	2	2	983
977	8	123	2	4130	1	3	3	2	2315
978	8	123	3	4431	1	1	1	2	1234
979	8	123	4	4831	1	4	4	2	501
980	8	123	5	5747	1	3	3	2	582
981	8	123	6	6363	1	1	1	2	617
982	8	123	7	6664	1	2	2	2	365
983	8	123	8	6879	1	4	4	2	733
984	8	124	1	1448	1	2	2	0	1599
985	8	124	2	4283	1	3	3	0	2218
986	8	124	3	4583	1	1	1	0	382
987	8	124	4	4883	1	4	4	0	316
988	8	124	5	5332	1	3	3	0	501
989	8	124	6	5932	1	1	1	0	549
990	8	124	7	6215	1	2	2	0	499
991	8	124	8	6416	1	4	4	0	534
992	8	125	1	1381	1	2	2	0	999
993	8	125	2	4164	1	3	3	0	2400
994	8	125	3	4396	1	1	1	0	284
995	8	125	4	5064	1	4	4	0	515
996	8	125	5	5963	1	3	3	0	951
997	8	125	6	6295	1	1	1	0	466
998	8	125	7	6597	1	2	2	0	533
999	8	125	8	6812	1	4	4	0	284
1000	8	126	1	1900	1	2	2	0	1233
1001	8	126	2	4116	1	3	3	0	2133
1002	8	126	3	4399	1	1	1	0	950
1003	8	126	4	4665	1	4	4	0	184
1004	8	126	5	5298	1	3	3	0	816
1005	8	126	6	5749	1	1	1	0	316
1006	8	126	7	5999	1	2	2	0	1299
1007	8	126	8	6232	1	4	4	0	201
1008	8	127	1	964	1	4	4	2	1898
1009	8	127	2	3198	1	1	1	2	2283
1010	8	127	3	3448	0	3	2	2	285
1011	8	127	4	3647	0	2	3	2	433
1012	8	127	5	4447	1	4	4	2	815
1013	8	127	6	5081	1	3	3	2	435
1014	8	127	7	5648	1	1	1	2	299
1015	8	127	8	5829	1	2	2	2	182
1016	8	128	1	1334	1	2	2	0	1265
1017	8	128	2	3683	0	3	4	0	2318
1018	8	128	3	4783	1	1	1	0	616
1019	8	128	4	5066	1	4	4	0	466
1020	8	128	5	5682	1	3	3	0	549
1021	8	128	6	6064	1	1	1	0	801
1022	8	128	7	6414	1	2	2	0	315
1023	8	128	8	6583	1	4	4	0	318
1024	9	129	1	948	1	1	1	2	999
1025	9	129	2	3181	1	2	2	2	2317
1026	9	129	3	3465	1	4	4	2	399
1027	9	129	4	3713	1	1	1	2	833
1028	9	129	5	4214	1	3	3	2	435
1029	9	129	6	4663	1	4	4	2	267
1030	9	129	7	5130	1	2	2	2	765
1031	9	129	8	5413	0	3	1	2	649
1032	9	130	1	2117	1	3	3	1	1217
1033	9	130	2	4348	1	4	4	1	2348
1034	9	130	3	4615	1	2	2	1	417
1035	9	130	4	4882	1	1	1	1	216
1036	9	130	5	5464	1	3	3	1	1117
1037	9	130	6	5730	1	2	2	1	584
1038	9	130	7	6031	1	4	4	1	299
1039	9	130	8	6247	1	1	1	1	318
1040	9	131	1	1197	1	3	3	1	1165
1041	9	131	2	3481	1	4	4	1	2282
1042	9	131	3	3748	1	2	2	1	702
1043	9	131	4	4065	1	1	1	1	315
1044	9	131	5	4398	1	3	3	1	400
1045	9	131	6	4664	1	2	2	1	900
1046	9	131	7	4882	1	4	4	1	299
1047	9	131	8	5163	1	1	1	1	234
1048	8	132	1	1216	1	2	2	0	882
1049	8	132	2	3549	1	3	3	0	2765
1050	8	132	3	3833	1	1	1	0	485
1051	8	132	4	4265	1	4	4	0	449
1052	8	132	5	4932	1	3	3	0	417
1053	8	132	6	5815	1	1	1	0	482
1054	8	132	7	6132	1	2	2	0	701
1055	8	132	8	6400	1	4	4	0	1150
1056	8	133	1	1497	1	2	2	0	1099
1057	8	133	2	3897	1	3	3	0	2283
1058	8	133	3	4114	1	1	1	0	350
1059	8	133	4	4430	1	4	4	0	616
1060	8	133	5	5114	1	3	3	0	633
1061	8	133	6	5980	1	1	1	0	266
1062	8	133	7	6213	1	2	2	0	468
1063	8	133	8	6447	1	4	4	0	1249
1064	9	134	1	847	1	4	4	2	1998
1065	9	134	2	3114	1	1	1	2	2217
1066	9	134	3	3797	1	3	3	2	200
1067	9	134	4	4131	1	2	2	2	565
1068	9	134	5	4380	1	4	4	2	718
1069	9	134	6	5463	1	3	3	2	682
1070	9	134	7	5746	1	1	1	2	583
1071	9	134	8	5981	1	2	2	2	350
1072	8	135	1	915	1	2	2	0	1048
1073	8	135	2	3147	1	3	3	0	2249
1074	8	135	3	3448	1	1	1	0	284
1075	8	135	4	4130	1	4	4	0	217
1076	8	135	5	4781	1	3	3	0	751
1077	8	135	6	5164	1	1	1	0	250
1078	8	135	7	5431	1	2	2	0	297
1079	8	135	8	5664	1	4	4	0	219
1080	9	136	1	915	1	2	2	0	1330
1081	9	136	2	3198	1	3	3	0	2235
1082	9	136	3	3431	1	1	1	0	266
1083	9	136	4	3698	1	4	4	0	434
1084	9	136	5	4247	1	3	3	0	915
1085	9	136	6	4565	1	1	1	0	466
1086	9	136	7	4981	1	2	2	0	518
1087	9	136	8	5264	1	4	4	0	284
1088	9	137	1	1067	1	3	3	1	948
1089	10	137	2	3301	1	4	4	1	3018
1090	10	137	3	3633	1	2	2	1	499
1091	10	137	4	3915	1	1	1	1	383
1092	10	137	5	4466	1	3	3	1	766
1093	10	137	6	4749	1	2	2	1	251
1094	10	137	7	4999	1	4	4	1	332
1095	10	137	8	5266	1	1	1	1	982
1096	9	138	1	1064	1	2	2	0	899
1097	9	138	2	3414	1	3	3	0	2484
1098	9	138	3	3680	1	1	1	0	1249
1099	9	138	4	3964	1	4	4	0	418
1100	9	138	5	4682	1	3	3	0	382
1101	9	138	6	5081	1	1	1	0	433
1102	9	138	7	5331	1	2	2	0	983
1103	9	138	8	5615	1	4	4	0	1249
1104	9	139	1	998	1	1	1	2	1514
1105	9	139	2	3447	1	3	3	2	2237
1106	9	139	3	3979	1	4	4	2	698
1107	9	139	4	4448	1	2	2	2	249
1108	9	139	5	4896	1	4	4	2	499
1109	9	139	6	5146	1	1	1	2	2349
1110	9	139	7	5579	0	3	2	2	266
1111	9	139	8	5748	0	2	3	2	202
1112	9	140	1	1114	0	2	3	0	1050
1113	9	140	2	3296	0	3	2	0	2267
1114	9	140	3	3498	0	1	4	0	366
1115	9	140	4	3714	0	4	1	0	633
1116	9	140	5	4814	1	3	3	0	900
1117	9	140	6	5164	1	1	1	0	1515
1118	9	140	7	5464	1	2	2	0	668
1119	9	140	8	5712	1	4	4	0	215
1120	9	141	1	1166	1	2	2	0	1330
1121	9	141	2	3367	1	3	3	0	2201
1122	9	141	3	3633	1	1	1	0	268
1123	9	141	4	3900	1	4	4	0	615
1124	9	141	5	4400	1	3	3	0	1217
1125	9	141	6	4749	1	1	1	0	383
1126	9	141	7	5466	1	2	2	0	198
1127	9	141	8	5649	1	4	4	0	218
1128	9	142	1	1398	0	2	3	0	1899
1129	9	142	2	3599	0	3	2	0	2516
1130	9	142	3	3781	0	1	4	0	733
1131	9	142	4	3999	0	4	1	0	317
1132	9	142	5	5180	1	3	3	0	299
1133	9	142	6	5498	1	1	1	0	1366
1134	9	142	7	6330	1	2	2	0	250
1135	9	142	8	6915	1	4	4	0	201
1136	9	143	1	1481	1	2	2	0	1132
1137	9	143	2	3698	1	3	3	0	2468
1138	9	143	3	4146	1	1	1	0	549
1139	9	143	4	4530	1	4	4	0	516
1140	9	143	5	5031	1	3	3	0	734
1141	9	143	6	5663	1	1	1	0	315
1142	9	143	7	5763	0	2	3	0	701
1143	9	143	8	6230	1	4	4	0	316
1144	9	144	1	1265	1	2	2	0	1080
1145	9	144	2	3715	1	3	3	0	2236
1146	9	144	3	3980	1	1	1	0	465
1147	9	144	4	4230	1	4	4	0	482
1148	9	144	5	5147	1	3	3	0	633
1149	9	144	6	5731	1	1	1	0	335
1150	9	144	7	6063	1	2	2	0	900
1151	9	144	8	6247	1	4	4	0	181
1152	9	145	1	1398	1	4	4	2	1132
1153	9	145	2	3880	1	3	3	2	2334
1154	9	145	3	4263	1	1	1	2	332
1155	9	145	4	4696	1	4	4	2	218
1156	9	145	5	5213	1	3	3	2	349
1157	9	145	6	5564	1	1	1	2	616
1158	9	145	7	6030	1	4	4	2	716
1159	9	145	8	6713	1	2	2	2	283
1160	9	146	1	900	1	2	2	0	1032
1161	9	146	2	3197	1	3	3	0	2466
1162	9	146	3	3464	1	1	1	0	417
1163	9	146	4	3764	1	4	4	0	383
1164	9	146	5	4331	1	3	3	0	449
1165	9	146	6	4965	1	1	1	0	984
1166	9	146	7	5396	1	2	2	0	783
1167	9	146	8	5631	1	4	4	0	716
1168	10	147	1	1166	1	2	2	0	1531
1169	10	147	2	3399	1	3	3	0	2434
1170	10	147	3	3665	1	1	1	0	234
1171	10	147	4	3964	1	4	4	0	298
1172	10	147	5	4847	1	3	3	0	651
1173	10	147	6	5132	1	1	1	0	533
1174	10	147	7	5381	1	2	2	0	300
1175	10	147	8	5580	1	4	4	0	216
1176	10	148	1	949	1	2	2	0	1015
1177	10	148	2	3165	1	3	3	0	2666
1178	10	148	3	3383	1	1	1	0	318
1179	10	148	4	3681	1	4	4	0	517
1180	10	148	5	4665	1	3	3	0	899
1181	10	148	6	4949	1	1	1	0	383
1182	10	148	7	5216	1	2	2	0	749
1183	10	148	8	5431	1	4	4	0	366
1184	10	149	1	900	1	2	2	0	1100
1185	10	149	2	3183	1	3	3	0	2499
1186	10	149	3	3733	1	1	1	0	434
1187	10	149	4	4049	1	4	4	0	667
1188	10	149	5	4600	1	3	3	0	1149
1189	10	149	6	5331	1	1	1	0	865
1190	10	149	7	5598	1	2	2	0	766
1191	10	149	8	5799	1	4	4	0	284
1192	10	150	1	1614	1	3	3	1	966
1193	10	150	2	4097	1	4	4	1	2350
1194	10	150	3	4496	1	2	2	1	217
1195	10	150	4	4715	1	1	1	1	467
1196	10	150	5	5214	1	3	3	1	683
1197	10	150	6	5480	1	2	2	1	348
1198	10	150	7	5748	1	4	4	1	768
1199	10	150	8	6030	1	1	1	1	432
1200	10	151	1	1765	1	2	2	0	866
1201	10	151	2	4248	0	3	4	0	2432
1202	10	151	3	5031	1	1	1	0	452
1203	10	151	4	5597	1	4	4	0	548
1204	10	151	5	6065	0	3	2	0	933
1205	10	151	6	6914	1	1	1	0	351
1206	10	151	7	7230	1	2	2	0	500
1207	10	151	8	7532	1	4	4	0	133
1208	10	152	1	1596	0	2	3	0	1014
1209	10	152	2	3863	0	3	2	0	3116
1210	10	152	3	4114	1	1	1	0	301
1211	10	152	4	4863	1	4	4	0	400
1212	10	152	5	6463	1	3	3	0	916
1213	10	152	6	6712	1	1	1	0	616
1214	10	152	7	6979	1	2	2	0	301
1215	10	152	8	7196	1	4	4	0	215
1216	10	153	1	1349	0	2	3	0	964
1217	10	153	2	3598	0	3	2	0	2234
1218	10	153	3	5348	1	1	1	0	250
1219	10	153	4	5831	1	4	4	0	199
1220	10	153	5	6730	1	3	3	0	800
1221	10	153	6	7013	1	1	1	0	634
1222	10	153	7	7662	1	2	2	0	567
1223	10	153	8	7912	1	4	4	0	181
1224	10	154	1	1017	1	2	2	2	948
1225	10	154	2	3800	1	1	1	2	2233
1226	10	154	3	4366	1	3	3	2	284
1227	10	154	4	4833	1	4	4	2	248
1228	10	154	5	5365	1	2	2	2	501
1229	10	154	6	5866	1	4	4	2	449
1230	10	154	7	6731	1	1	1	2	467
1231	10	154	8	6999	1	2	2	2	283
1232	10	155	1	1232	1	2	2	0	847
1233	10	155	2	3498	1	3	3	0	2267
1234	10	155	3	3747	1	1	1	0	683
1235	10	155	4	4030	1	4	4	0	334
1236	10	155	5	4731	1	3	3	0	249
1237	10	155	6	5364	1	1	1	0	1083
1238	10	155	7	5696	1	2	2	0	283
1239	10	155	8	5962	1	4	4	0	235
1240	10	156	1	1134	1	3	3	1	998
1241	10	156	2	3516	1	4	4	1	2449
1242	10	156	3	3834	1	2	2	1	532
1243	10	156	4	4132	1	1	1	1	469
1244	10	156	5	4850	1	3	3	1	448
1245	10	156	6	5082	1	2	2	1	250
1246	10	156	7	5315	1	4	4	1	433
1247	10	156	8	5534	1	1	1	1	169
1248	10	157	1	1348	0	4	3	2	1398
1249	10	157	2	6179	1	3	3	2	2482
1250	10	157	3	6995	1	1	1	2	383
1251	10	157	4	7411	0	4	3	2	433
1252	10	157	5	8679	1	3	3	2	517
1253	10	157	6	9361	1	1	1	2	351
1254	10	157	7	10128	1	4	4	2	466
1255	10	157	8	10545	1	2	2	2	683
1256	10	158	1	1233	1	2	2	2	1017
1257	10	158	2	3499	1	1	1	2	2783
1258	10	158	3	4249	1	3	3	2	566
1259	10	158	4	4781	1	4	4	2	467
1260	10	158	5	5264	1	2	2	2	532
1261	10	158	6	5614	1	4	4	2	501
1262	10	158	7	6098	1	1	1	2	865
1263	10	158	8	6715	1	2	2	2	268
1264	10	159	1	979	1	2	2	0	1348
1265	10	159	2	3229	1	3	3	0	4831
1266	10	159	3	3581	1	1	1	0	816
1267	10	159	4	3879	1	4	4	0	416
1268	10	159	5	4696	0	3	2	0	1268
1269	10	159	6	4947	0	1	4	0	682
1270	10	159	7	6029	0	2	3	0	767
1271	10	159	8	6330	0	4	1	0	417
1272	10	160	1	1332	1	3	3	1	1233
1273	10	160	2	3598	1	4	4	1	2266
1274	10	160	3	3914	1	2	2	1	750
1275	10	160	4	4164	1	1	1	1	532
1276	10	160	5	5046	1	3	3	1	483
1277	10	160	6	5381	1	2	2	1	350
1278	10	160	7	5664	1	4	4	1	484
1279	10	160	8	5913	1	1	1	1	617
1280	10	161	1	1166	1	2	2	2	1166
1281	10	161	2	3515	1	1	1	2	2349
1282	10	161	3	4500	1	4	4	2	985
1283	10	161	4	5065	1	1	1	2	565
1284	10	161	5	5580	1	3	3	2	515
1285	10	161	6	5880	1	2	2	2	300
1286	10	161	7	6497	1	4	4	2	617
1287	10	161	8	7280	0	3	1	2	783
