Initialising class SEQ ...
Qms execution time = 0.037 s
------------------------------------------
----------Durchlauf = 1 --------------
postadapt ... unique elements in g: 325
adapt_communities execution time = 33.9 s
durchlauf=1 mit Qms = 0.4519271255183165
------------------------------------------
----------Durchlauf = 2 --------------
postadapt ... unique elements in g: 277
adapt_communities execution time = 28.1 s
durchlauf=2 mit Qms = 0.5341492228142249
------------------------------------------
----------Durchlauf = 3 --------------
postadapt ... unique elements in g: 248
adapt_communities execution time = 27.7 s
durchlauf=3 mit Qms = 0.577811302456626
------------------------------------------
----------Durchlauf = 4 --------------
postadapt ... unique elements in g: 241
adapt_communities execution time = 27.0 s
durchlauf=4 mit Qms = 0.5863479234947195
------------------------------------------
----------Durchlauf = 5 --------------
postadapt ... unique elements in g: 236
adapt_communities execution time = 26.6 s
durchlauf=5 mit Qms = 0.5927163316392917
Final Qms = 0.5927163316392917
estimating chunk magnitudes
chunk magnitude m = -0.09885719813726696
Qms execution time = 0.025 s
------------------------------------------
----------Durchlauf = 1 --------------
postadapt ... unique elements in g: 313
adapt_communities execution time = 33.8 s
durchlauf=1 mit Qms = 0.46963054648994057
------------------------------------------
----------Durchlauf = 2 --------------
postadapt ... unique elements in g: 240
adapt_communities execution time = 26.1 s
durchlauf=2 mit Qms = 0.5695062044085495
------------------------------------------
----------Durchlauf = 3 --------------
postadapt ... unique elements in g: 216
adapt_communities execution time = 24.8 s
durchlauf=3 mit Qms = 0.5981120134127145
------------------------------------------
----------Durchlauf = 4 --------------
postadapt ... unique elements in g: 207
adapt_communities execution time = 24.7 s
durchlauf=4 mit Qms = 0.6089811626302539
------------------------------------------
----------Durchlauf = 5 --------------
postadapt ... unique elements in g: 205
adapt_communities execution time = 24.6 s
durchlauf=5 mit Qms = 0.6115887719329816
------------------------------------------
----------Durchlauf = 6 --------------
postadapt ... unique elements in g: 204
adapt_communities execution time = 24.4 s
durchlauf=6 mit Qms = 0.6129792919281326
------------------------------------------
----------Durchlauf = 7 --------------
postadapt ... unique elements in g: 203
adapt_communities execution time = 24.4 s
durchlauf=7 mit Qms = 0.6135804857859689
Final Qms = 0.6135804857859689
estimating chunk magnitudes
chunk magnitude m = -0.09188686280946129
Qms execution time = 0.028 s
------------------------------------------
----------Durchlauf = 1 --------------
postadapt ... unique elements in g: 289
adapt_communities execution time = 34.4 s
durchlauf=1 mit Qms = 0.4940768332873437
------------------------------------------
----------Durchlauf = 2 --------------
postadapt ... unique elements in g: 220
adapt_communities execution time = 25.3 s
durchlauf=2 mit Qms = 0.6003376911371711
------------------------------------------
----------Durchlauf = 3 --------------
postadapt ... unique elements in g: 200
adapt_communities execution time = 24.3 s
durchlauf=3 mit Qms = 0.6214099923541895
------------------------------------------
----------Durchlauf = 4 --------------
postadapt ... unique elements in g: 196
adapt_communities execution time = 23.8 s
durchlauf=4 mit Qms = 0.6242526315628911
------------------------------------------
----------Durchlauf = 5 --------------
postadapt ... unique elements in g: 195
adapt_communities execution time = 23.7 s
durchlauf=5 mit Qms = 0.6245272729145223
Final Qms = 0.6245272729145223
estimating chunk magnitudes
chunk magnitude m = -0.08878673072722948
Qms execution time = 0.025 s
------------------------------------------
----------Durchlauf = 1 --------------
postadapt ... unique elements in g: 290
adapt_communities execution time = 34.5 s
durchlauf=1 mit Qms = 0.4899697679579802
------------------------------------------
----------Durchlauf = 2 --------------
postadapt ... unique elements in g: 223
adapt_communities execution time = 25.2 s
durchlauf=2 mit Qms = 0.5989485272555476
------------------------------------------
----------Durchlauf = 3 --------------
postadapt ... unique elements in g: 202
adapt_communities execution time = 24.1 s
durchlauf=3 mit Qms = 0.6211349657177522
------------------------------------------
----------Durchlauf = 4 --------------
postadapt ... unique elements in g: 196
adapt_communities execution time = 24.0 s
durchlauf=4 mit Qms = 0.6281369332151899
Final Qms = 0.6281369332151899
estimating chunk magnitudes
chunk magnitude m = -0.09002982333039879
Qms execution time = 0.024 s
------------------------------------------
----------Durchlauf = 1 --------------
postadapt ... unique elements in g: 313
adapt_communities execution time = 33.9 s
durchlauf=1 mit Qms = 0.45218857050547967
------------------------------------------
----------Durchlauf = 2 --------------
postadapt ... unique elements in g: 234
adapt_communities execution time = 26.1 s
durchlauf=2 mit Qms = 0.5679337402670755
------------------------------------------
----------Durchlauf = 3 --------------
postadapt ... unique elements in g: 212
adapt_communities execution time = 25.1 s
durchlauf=3 mit Qms = 0.5950182252079605
------------------------------------------
----------Durchlauf = 4 --------------
postadapt ... unique elements in g: 205
adapt_communities execution time = 24.4 s
durchlauf=4 mit Qms = 0.6015416862768896
------------------------------------------
----------Durchlauf = 5 --------------
postadapt ... unique elements in g: 204
adapt_communities execution time = 24.2 s
durchlauf=5 mit Qms = 0.6022429980906732
Final Qms = 0.6022429980906732
estimating chunk magnitudes
chunk magnitude m = -0.09365424402683625
Qms execution time = 0.024 s
------------------------------------------
----------Durchlauf = 1 --------------
postadapt ... unique elements in g: 301
adapt_communities execution time = 34.4 s
durchlauf=1 mit Qms = 0.4903401936484411
------------------------------------------
----------Durchlauf = 2 --------------
postadapt ... unique elements in g: 219
adapt_communities execution time = 25.1 s
durchlauf=2 mit Qms = 0.6073056662439715
------------------------------------------
----------Durchlauf = 3 --------------
postadapt ... unique elements in g: 194
adapt_communities execution time = 23.5 s
durchlauf=3 mit Qms = 0.636517585864275
------------------------------------------
----------Durchlauf = 4 --------------
postadapt ... unique elements in g: 188
adapt_communities execution time = 23.2 s
durchlauf=4 mit Qms = 0.6420541136821408
------------------------------------------
----------Durchlauf = 5 --------------
postadapt ... unique elements in g: 187
adapt_communities execution time = 23.2 s
durchlauf=5 mit Qms = 0.6427437315193808
Final Qms = 0.6427437315193808
estimating chunk magnitudes
chunk magnitude m = -0.08746698274093792
Qms execution time = 0.024 s
------------------------------------------
----------Durchlauf = 1 --------------
postadapt ... unique elements in g: 281
adapt_communities execution time = 34.3 s
durchlauf=1 mit Qms = 0.5034363491355773
------------------------------------------
----------Durchlauf = 2 --------------
postadapt ... unique elements in g: 214
adapt_communities execution time = 24.6 s
durchlauf=2 mit Qms = 0.6020108023983453
------------------------------------------
----------Durchlauf = 3 --------------
postadapt ... unique elements in g: 194
adapt_communities execution time = 24.5 s
durchlauf=3 mit Qms = 0.6200082998663089
------------------------------------------
----------Durchlauf = 4 --------------
postadapt ... unique elements in g: 193
adapt_communities execution time = 23.7 s
durchlauf=4 mit Qms = 0.6206448844902317
Final Qms = 0.6206448844902317
estimating chunk magnitudes
chunk magnitude m = -0.08805934171911305
Qms execution time = 0.024 s
------------------------------------------
----------Durchlauf = 1 --------------
postadapt ... unique elements in g: 303
adapt_communities execution time = 33.9 s
durchlauf=1 mit Qms = 0.4745326187542747
------------------------------------------
----------Durchlauf = 2 --------------
postadapt ... unique elements in g: 224
adapt_communities execution time = 25.3 s
durchlauf=2 mit Qms = 0.5929614664975514
------------------------------------------
----------Durchlauf = 3 --------------
postadapt ... unique elements in g: 204
adapt_communities execution time = 24.2 s
durchlauf=3 mit Qms = 0.6188260248853342
------------------------------------------
----------Durchlauf = 4 --------------
postadapt ... unique elements in g: 197
adapt_communities execution time = 23.7 s
durchlauf=4 mit Qms = 0.6255957389778838
------------------------------------------
----------Durchlauf = 5 --------------
postadapt ... unique elements in g: 195
adapt_communities execution time = 23.9 s
durchlauf=5 mit Qms = 0.6272910759192498
Final Qms = 0.6272910759192498
estimating chunk magnitudes
chunk magnitude m = -0.09036102072322004
Qms execution time = 0.024 s
------------------------------------------
----------Durchlauf = 1 --------------
postadapt ... unique elements in g: 314
adapt_communities execution time = 34.0 s
durchlauf=1 mit Qms = 0.4703835112479309
------------------------------------------
----------Durchlauf = 2 --------------
postadapt ... unique elements in g: 224
adapt_communities execution time = 25.1 s
durchlauf=2 mit Qms = 0.6066285448678125
------------------------------------------
----------Durchlauf = 3 --------------
postadapt ... unique elements in g: 200
adapt_communities execution time = 24.0 s
durchlauf=3 mit Qms = 0.6347110814480789
------------------------------------------
----------Durchlauf = 4 --------------
postadapt ... unique elements in g: 195
adapt_communities execution time = 23.8 s
durchlauf=4 mit Qms = 0.6390273776110724
------------------------------------------
----------Durchlauf = 5 --------------
postadapt ... unique elements in g: 193
adapt_communities execution time = 23.9 s
durchlauf=5 mit Qms = 0.6404603117424149
Final Qms = 0.6404603117424149
estimating chunk magnitudes
chunk magnitude m = -0.0887673386380421
Qms execution time = 0.024 s
------------------------------------------
----------Durchlauf = 1 --------------
postadapt ... unique elements in g: 290
adapt_communities execution time = 34.2 s
durchlauf=1 mit Qms = 0.4931804541693527
------------------------------------------
----------Durchlauf = 2 --------------
postadapt ... unique elements in g: 226
adapt_communities execution time = 25.4 s
durchlauf=2 mit Qms = 0.5921099990549575
------------------------------------------
----------Durchlauf = 3 --------------
postadapt ... unique elements in g: 207
adapt_communities execution time = 24.3 s
durchlauf=3 mit Qms = 0.6157414401273783
------------------------------------------
----------Durchlauf = 4 --------------
postadapt ... unique elements in g: 201
adapt_communities execution time = 24.0 s
durchlauf=4 mit Qms = 0.6239337082710439
------------------------------------------
----------Durchlauf = 5 --------------
postadapt ... unique elements in g: 199
adapt_communities execution time = 24.0 s
durchlauf=5 mit Qms = 0.6248420499458821
Final Qms = 0.6248420499458821
estimating chunk magnitudes
chunk magnitude m = -0.0873802970055708
Qms execution time = 0.024 s
------------------------------------------
----------Durchlauf = 1 --------------
postadapt ... unique elements in g: 302
adapt_communities execution time = 33.8 s
durchlauf=1 mit Qms = 0.47903385586374553
------------------------------------------
----------Durchlauf = 2 --------------
postadapt ... unique elements in g: 225
adapt_communities execution time = 24.6 s
durchlauf=2 mit Qms = 0.5874009513389447
------------------------------------------
----------Durchlauf = 3 --------------
postadapt ... unique elements in g: 197
adapt_communities execution time = 23.6 s
durchlauf=3 mit Qms = 0.6207698559830424
------------------------------------------
----------Durchlauf = 4 --------------
postadapt ... unique elements in g: 185
adapt_communities execution time = 22.8 s
durchlauf=4 mit Qms = 0.6313231072603658
------------------------------------------
----------Durchlauf = 5 --------------
postadapt ... unique elements in g: 181
adapt_communities execution time = 22.7 s
durchlauf=5 mit Qms = 0.6332028715906953
Final Qms = 0.6332028715906953
estimating chunk magnitudes
chunk magnitude m = -0.08221584960754706
.....................
---print relevant Information---
inputfile = 
Qmulti-trial = 0.5927163316392917
Qmulti-trial = 0.5927163316392917 (p = 1.12207524580755e-05, t = 8.703465901322206)
Qmulti-trial-shuffled = 0.6257672615214209 +- 0.01139
slope of phi_real = 8.18956024849104e-05
Initialising class SEQ ...
Qms execution time = 0.035 s
------------------------------------------
----------Durchlauf = 1 --------------
postadapt ... unique elements in g: 401
adapt_communities execution time = 54.5 s
durchlauf=1 mit Qms = 0.45753802496831525
------------------------------------------
----------Durchlauf = 2 --------------
postadapt ... unique elements in g: 355
adapt_communities execution time = 47.2 s
durchlauf=2 mit Qms = 0.5247876366925073
------------------------------------------
----------Durchlauf = 3 --------------
postadapt ... unique elements in g: 336
adapt_communities execution time = 45.8 s
durchlauf=3 mit Qms = 0.5506950562642876
------------------------------------------
----------Durchlauf = 4 --------------
postadapt ... unique elements in g: 333
adapt_communities execution time = 46.0 s
durchlauf=4 mit Qms = 0.5539445164018011
------------------------------------------
----------Durchlauf = 5 --------------
postadapt ... unique elements in g: 330
adapt_communities execution time = 45.7 s
durchlauf=5 mit Qms = 0.5564754078025583
------------------------------------------
----------Durchlauf = 6 --------------
postadapt ... unique elements in g: 329
adapt_communities execution time = 45.7 s
durchlauf=6 mit Qms = 0.5571699760415291
Final Qms = 0.5571699760415291
estimating chunk magnitudes
chunk magnitude m = -0.11279472933260055
Qms execution time = 0.035 s
------------------------------------------
----------Durchlauf = 1 --------------
postadapt ... unique elements in g: 371
adapt_communities execution time = 55.9 s
durchlauf=1 mit Qms = 0.494497691273224
------------------------------------------
----------Durchlauf = 2 --------------
postadapt ... unique elements in g: 275
adapt_communities execution time = 39.8 s
durchlauf=2 mit Qms = 0.6158925741345274
------------------------------------------
----------Durchlauf = 3 --------------
postadapt ... unique elements in g: 244
adapt_communities execution time = 37.9 s
durchlauf=3 mit Qms = 0.6402731319099724
------------------------------------------
----------Durchlauf = 4 --------------
postadapt ... unique elements in g: 239
adapt_communities execution time = 37.4 s
durchlauf=4 mit Qms = 0.644215853698616
Final Qms = 0.644215853698616
estimating chunk magnitudes
chunk magnitude m = -0.08666624428093268
Qms execution time = 0.035 s
------------------------------------------
----------Durchlauf = 1 --------------
postadapt ... unique elements in g: 399
adapt_communities execution time = 54.4 s
durchlauf=1 mit Qms = 0.47555805923945843
------------------------------------------
----------Durchlauf = 2 --------------
postadapt ... unique elements in g: 290
adapt_communities execution time = 40.8 s
durchlauf=2 mit Qms = 0.6076625961809516
------------------------------------------
----------Durchlauf = 3 --------------
postadapt ... unique elements in g: 259
adapt_communities execution time = 39.0 s
durchlauf=3 mit Qms = 0.636953677264005
------------------------------------------
----------Durchlauf = 4 --------------
postadapt ... unique elements in g: 247
adapt_communities execution time = 38.6 s
durchlauf=4 mit Qms = 0.644372449365441
------------------------------------------
----------Durchlauf = 5 --------------
postadapt ... unique elements in g: 245
adapt_communities execution time = 37.7 s
durchlauf=5 mit Qms = 0.6452575229708334
------------------------------------------
----------Durchlauf = 6 --------------
postadapt ... unique elements in g: 244
adapt_communities execution time = 38.1 s
durchlauf=6 mit Qms = 0.6457077251341413
Final Qms = 0.6457077251341413
estimating chunk magnitudes
chunk magnitude m = -0.08975893639514995
Qms execution time = 0.03 s
------------------------------------------
----------Durchlauf = 1 --------------
postadapt ... unique elements in g: 383
adapt_communities execution time = 54.9 s
durchlauf=1 mit Qms = 0.48783276090291083
------------------------------------------
----------Durchlauf = 2 --------------
postadapt ... unique elements in g: 286
adapt_communities execution time = 40.2 s
durchlauf=2 mit Qms = 0.6026287122591998
------------------------------------------
----------Durchlauf = 3 --------------
postadapt ... unique elements in g: 256
adapt_communities execution time = 38.5 s
durchlauf=3 mit Qms = 0.6321447499578925
------------------------------------------
----------Durchlauf = 4 --------------
postadapt ... unique elements in g: 244
adapt_communities execution time = 38.0 s
durchlauf=4 mit Qms = 0.6406427379122975
------------------------------------------
----------Durchlauf = 5 --------------
postadapt ... unique elements in g: 242
adapt_communities execution time = 37.5 s
durchlauf=5 mit Qms = 0.6410518524433991
Final Qms = 0.6410518524433991
estimating chunk magnitudes
chunk magnitude m = -0.0868952519148894
Qms execution time = 0.03 s
------------------------------------------
----------Durchlauf = 1 --------------
postadapt ... unique elements in g: 392
adapt_communities execution time = 54.4 s
durchlauf=1 mit Qms = 0.47793973740671963
------------------------------------------
----------Durchlauf = 2 --------------
postadapt ... unique elements in g: 287
adapt_communities execution time = 40.7 s
durchlauf=2 mit Qms = 0.6075230670859381
------------------------------------------
----------Durchlauf = 3 --------------
postadapt ... unique elements in g: 245
adapt_communities execution time = 38.4 s
durchlauf=3 mit Qms = 0.6420982795844277
------------------------------------------
----------Durchlauf = 4 --------------
postadapt ... unique elements in g: 238
adapt_communities execution time = 37.5 s
durchlauf=4 mit Qms = 0.6466803411138909
Final Qms = 0.6466803411138909
estimating chunk magnitudes
chunk magnitude m = -0.08695930962014009
Qms execution time = 0.031 s
------------------------------------------
----------Durchlauf = 1 --------------
postadapt ... unique elements in g: 377
adapt_communities execution time = 55.6 s
durchlauf=1 mit Qms = 0.4903828358420227
------------------------------------------
----------Durchlauf = 2 --------------
postadapt ... unique elements in g: 284
adapt_communities execution time = 40.8 s
durchlauf=2 mit Qms = 0.5960309784934915
------------------------------------------
----------Durchlauf = 3 --------------
postadapt ... unique elements in g: 259
adapt_communities execution time = 39.2 s
durchlauf=3 mit Qms = 0.6169576652379969
------------------------------------------
----------Durchlauf = 4 --------------
postadapt ... unique elements in g: 253
adapt_communities execution time = 38.5 s
durchlauf=4 mit Qms = 0.6210234521354719
------------------------------------------
----------Durchlauf = 5 --------------
postadapt ... unique elements in g: 250
adapt_communities execution time = 38.6 s
durchlauf=5 mit Qms = 0.6224432024431417
Final Qms = 0.6224432024431417
estimating chunk magnitudes
chunk magnitude m = -0.08972212961394307
Qms execution time = 0.031 s
------------------------------------------
----------Durchlauf = 1 --------------
postadapt ... unique elements in g: 369
adapt_communities execution time = 55.2 s
durchlauf=1 mit Qms = 0.5009810140716607
------------------------------------------
----------Durchlauf = 2 --------------
postadapt ... unique elements in g: 271
adapt_communities execution time = 40.1 s
durchlauf=2 mit Qms = 0.6077498920658727
------------------------------------------
----------Durchlauf = 3 --------------
postadapt ... unique elements in g: 251
adapt_communities execution time = 38.5 s
durchlauf=3 mit Qms = 0.6247571927110903
------------------------------------------
----------Durchlauf = 4 --------------
postadapt ... unique elements in g: 246
adapt_communities execution time = 38.1 s
durchlauf=4 mit Qms = 0.6286875106158851
------------------------------------------
----------Durchlauf = 5 --------------
postadapt ... unique elements in g: 245
adapt_communities execution time = 38.5 s
durchlauf=5 mit Qms = 0.629116802452327
Final Qms = 0.629116802452327
estimating chunk magnitudes
chunk magnitude m = -0.08828839684736368
Qms execution time = 0.03 s
------------------------------------------
----------Durchlauf = 1 --------------
postadapt ... unique elements in g: 370
adapt_communities execution time = 56.0 s
durchlauf=1 mit Qms = 0.503603078336563
------------------------------------------
----------Durchlauf = 2 --------------
postadapt ... unique elements in g: 277
adapt_communities execution time = 40.6 s
durchlauf=2 mit Qms = 0.6140278459010434
------------------------------------------
----------Durchlauf = 3 --------------
postadapt ... unique elements in g: 256
adapt_communities execution time = 38.9 s
durchlauf=3 mit Qms = 0.6300167090240072
------------------------------------------
----------Durchlauf = 4 --------------
postadapt ... unique elements in g: 251
adapt_communities execution time = 38.6 s
durchlauf=4 mit Qms = 0.6334774259789758
Final Qms = 0.6334774259789758
estimating chunk magnitudes
chunk magnitude m = -0.09111569387670891
Qms execution time = 0.035 s
------------------------------------------
----------Durchlauf = 1 --------------
postadapt ... unique elements in g: 378
adapt_communities execution time = 55.6 s
durchlauf=1 mit Qms = 0.4907545669707008
------------------------------------------
----------Durchlauf = 2 --------------
postadapt ... unique elements in g: 279
adapt_communities execution time = 40.0 s
durchlauf=2 mit Qms = 0.6032178733160073
------------------------------------------
----------Durchlauf = 3 --------------
postadapt ... unique elements in g: 248
adapt_communities execution time = 38.0 s
durchlauf=3 mit Qms = 0.6280871375828303
------------------------------------------
----------Durchlauf = 4 --------------
postadapt ... unique elements in g: 241
adapt_communities execution time = 37.6 s
durchlauf=4 mit Qms = 0.6340400219391055
Final Qms = 0.6340400219391055
estimating chunk magnitudes
chunk magnitude m = -0.08763985349014931
Qms execution time = 0.03 s
------------------------------------------
----------Durchlauf = 1 --------------
postadapt ... unique elements in g: 357
adapt_communities execution time = 56.0 s
durchlauf=1 mit Qms = 0.5137183242444576
------------------------------------------
----------Durchlauf = 2 --------------
postadapt ... unique elements in g: 261
adapt_communities execution time = 39.9 s
durchlauf=2 mit Qms = 0.6277974514718985
------------------------------------------
----------Durchlauf = 3 --------------
postadapt ... unique elements in g: 243
adapt_communities execution time = 38.4 s
durchlauf=3 mit Qms = 0.6423876063040951
------------------------------------------
----------Durchlauf = 4 --------------
postadapt ... unique elements in g: 240
adapt_communities execution time = 37.6 s
durchlauf=4 mit Qms = 0.6455403501083087
Final Qms = 0.6455403501083087
estimating chunk magnitudes
chunk magnitude m = -0.08824315465526986
Qms execution time = 0.03 s
------------------------------------------
----------Durchlauf = 1 --------------
postadapt ... unique elements in g: 372
adapt_communities execution time = 55.8 s
durchlauf=1 mit Qms = 0.4920929106388851
------------------------------------------
----------Durchlauf = 2 --------------
postadapt ... unique elements in g: 279
adapt_communities execution time = 40.4 s
durchlauf=2 mit Qms = 0.6072078061833958
------------------------------------------
----------Durchlauf = 3 --------------
postadapt ... unique elements in g: 249
adapt_communities execution time = 38.5 s
durchlauf=3 mit Qms = 0.6373272404270233
------------------------------------------
----------Durchlauf = 4 --------------
postadapt ... unique elements in g: 244
adapt_communities execution time = 38.0 s
durchlauf=4 mit Qms = 0.640825379883086
------------------------------------------
----------Durchlauf = 5 --------------
postadapt ... unique elements in g: 243
adapt_communities execution time = 38.1 s
durchlauf=5 mit Qms = 0.6415199481220566
Final Qms = 0.6415199481220566
estimating chunk magnitudes
chunk magnitude m = -0.08705635625161394
.....................
---print relevant Information---
inputfile = 
Qmulti-trial = 0.5571699760415291
Qmulti-trial = 0.5571699760415291 (p = 1.722792423047238e-10, t = 31.255546627005128)
Qmulti-trial-shuffled = 0.6383793523433964 +- 0.007795
slope of phi_real = 0.00024724500579082723
Qms execution time = 0.012 s
------------------------------------------
----------Durchlauf = 1 --------------
postadapt ... unique elements in g: 157
adapt_communities execution time = 8.33 s
durchlauf=1 mit Qms = 0.4518998815253524
------------------------------------------
----------Durchlauf = 2 --------------
postadapt ... unique elements in g: 120
adapt_communities execution time = 6.52 s
durchlauf=2 mit Qms = 0.5750622717619578
------------------------------------------
----------Durchlauf = 3 --------------
postadapt ... unique elements in g: 109
adapt_communities execution time = 6.33 s
durchlauf=3 mit Qms = 0.6093365722766858
------------------------------------------
----------Durchlauf = 4 --------------
postadapt ... unique elements in g: 102
adapt_communities execution time = 6.2 s
durchlauf=4 mit Qms = 0.6309125575860861
------------------------------------------
----------Durchlauf = 5 --------------
postadapt ... unique elements in g: 100
adapt_communities execution time = 6.01 s
durchlauf=5 mit Qms = 0.6352307039231035
------------------------------------------
----------Durchlauf = 6 --------------
postadapt ... unique elements in g: 99
adapt_communities execution time = 6.17 s
durchlauf=6 mit Qms = 0.6375279155741904
------------------------------------------
----------Durchlauf = 7 --------------
postadapt ... unique elements in g: 98
adapt_communities execution time = 5.99 s
durchlauf=7 mit Qms = 0.6395176924192221
Final Qms = 0.6395176924192221
estimating chunk magnitudes
chunk magnitude m = -0.05681989933974767
Qms execution time = 0.012 s
------------------------------------------
----------Durchlauf = 1 --------------
postadapt ... unique elements in g: 139
adapt_communities execution time = 8.29 s
durchlauf=1 mit Qms = 0.5103687834897498
------------------------------------------
----------Durchlauf = 2 --------------
postadapt ... unique elements in g: 105
adapt_communities execution time = 6.23 s
durchlauf=2 mit Qms = 0.62109457372524
------------------------------------------
----------Durchlauf = 3 --------------
postadapt ... unique elements in g: 96
adapt_communities execution time = 6.1 s
durchlauf=3 mit Qms = 0.6460283416518461
------------------------------------------
----------Durchlauf = 4 --------------
postadapt ... unique elements in g: 95
adapt_communities execution time = 5.97 s
durchlauf=4 mit Qms = 0.6493422032366154
Final Qms = 0.6493422032366154
estimating chunk magnitudes
chunk magnitude m = -0.05516529490022846
Qms execution time = 0.012 s
------------------------------------------
----------Durchlauf = 1 --------------
postadapt ... unique elements in g: 133
adapt_communities execution time = 8.46 s
durchlauf=1 mit Qms = 0.5325239164464933
------------------------------------------
----------Durchlauf = 2 --------------
postadapt ... unique elements in g: 108
adapt_communities execution time = 6.32 s
durchlauf=2 mit Qms = 0.612523282429146
------------------------------------------
----------Durchlauf = 3 --------------
postadapt ... unique elements in g: 102
adapt_communities execution time = 6.15 s
durchlauf=3 mit Qms = 0.627722711852136
------------------------------------------
----------Durchlauf = 4 --------------
postadapt ... unique elements in g: 101
adapt_communities execution time = 6.21 s
durchlauf=4 mit Qms = 0.6292142438901674
Final Qms = 0.6292142438901674
estimating chunk magnitudes
chunk magnitude m = -0.0582617095125414
Qms execution time = 0.012 s
------------------------------------------
----------Durchlauf = 1 --------------
postadapt ... unique elements in g: 155
adapt_communities execution time = 8.23 s
durchlauf=1 mit Qms = 0.45858444955985
------------------------------------------
----------Durchlauf = 2 --------------
postadapt ... unique elements in g: 113
adapt_communities execution time = 6.36 s
durchlauf=2 mit Qms = 0.600023622637985
------------------------------------------
----------Durchlauf = 3 --------------
postadapt ... unique elements in g: 105
adapt_communities execution time = 6.18 s
durchlauf=3 mit Qms = 0.6219395320114225
------------------------------------------
----------Durchlauf = 4 --------------
postadapt ... unique elements in g: 102
adapt_communities execution time = 6.14 s
durchlauf=4 mit Qms = 0.6307990042382534
------------------------------------------
----------Durchlauf = 5 --------------
postadapt ... unique elements in g: 100
adapt_communities execution time = 6.05 s
durchlauf=5 mit Qms = 0.6365015347544751
Final Qms = 0.6365015347544751
estimating chunk magnitudes
chunk magnitude m = -0.05685240551838244
Qms execution time = 0.012 s
------------------------------------------
----------Durchlauf = 1 --------------
postadapt ... unique elements in g: 147
adapt_communities execution time = 8.22 s
durchlauf=1 mit Qms = 0.4782406571880412
------------------------------------------
----------Durchlauf = 2 --------------
postadapt ... unique elements in g: 113
adapt_communities execution time = 6.4 s
durchlauf=2 mit Qms = 0.5931441000182799
------------------------------------------
----------Durchlauf = 3 --------------
postadapt ... unique elements in g: 103
adapt_communities execution time = 6.14 s
durchlauf=3 mit Qms = 0.6226115506863599
------------------------------------------
----------Durchlauf = 4 --------------
postadapt ... unique elements in g: 102
adapt_communities execution time = 6.12 s
durchlauf=4 mit Qms = 0.624919278227132
Final Qms = 0.624919278227132
estimating chunk magnitudes
chunk magnitude m = -0.05972475082146926
Qms execution time = 0.012 s
------------------------------------------
----------Durchlauf = 1 --------------
postadapt ... unique elements in g: 153
adapt_communities execution time = 8.19 s
durchlauf=1 mit Qms = 0.47194214855537664
------------------------------------------
----------Durchlauf = 2 --------------
postadapt ... unique elements in g: 115
adapt_communities execution time = 6.47 s
durchlauf=2 mit Qms = 0.593326080796533
------------------------------------------
----------Durchlauf = 3 --------------
postadapt ... unique elements in g: 105
adapt_communities execution time = 6.18 s
durchlauf=3 mit Qms = 0.6252505550357321
------------------------------------------
----------Durchlauf = 4 --------------
postadapt ... unique elements in g: 101
adapt_communities execution time = 6.1 s
durchlauf=4 mit Qms = 0.6366050633946042
------------------------------------------
----------Durchlauf = 5 --------------
postadapt ... unique elements in g: 100
adapt_communities execution time = 6.07 s
durchlauf=5 mit Qms = 0.6389077031446191
Final Qms = 0.6389077031446191
estimating chunk magnitudes
chunk magnitude m = -0.05843104611564323
Qms execution time = 0.014 s
------------------------------------------
----------Durchlauf = 1 --------------
postadapt ... unique elements in g: 145
adapt_communities execution time = 8.21 s
durchlauf=1 mit Qms = 0.48345434778657237
------------------------------------------
----------Durchlauf = 2 --------------
postadapt ... unique elements in g: 110
adapt_communities execution time = 6.09 s
durchlauf=2 mit Qms = 0.5980490306715152
------------------------------------------
----------Durchlauf = 3 --------------
postadapt ... unique elements in g: 98
adapt_communities execution time = 5.96 s
durchlauf=3 mit Qms = 0.6359513135866774
------------------------------------------
----------Durchlauf = 4 --------------
postadapt ... unique elements in g: 93
adapt_communities execution time = 5.86 s
durchlauf=4 mit Qms = 0.6509188011316981
------------------------------------------
----------Durchlauf = 5 --------------
postadapt ... unique elements in g: 92
adapt_communities execution time = 5.93 s
durchlauf=5 mit Qms = 0.6541554424052263
Final Qms = 0.6541554424052263
estimating chunk magnitudes
chunk magnitude m = -0.05235442808201632
Qms execution time = 0.0121 s
------------------------------------------
----------Durchlauf = 1 --------------
postadapt ... unique elements in g: 140
adapt_communities execution time = 8.37 s
durchlauf=1 mit Qms = 0.5125460474463255
------------------------------------------
----------Durchlauf = 2 --------------
postadapt ... unique elements in g: 108
adapt_communities execution time = 6.19 s
durchlauf=2 mit Qms = 0.6148853341628504
------------------------------------------
----------Durchlauf = 3 --------------
postadapt ... unique elements in g: 96
adapt_communities execution time = 5.91 s
durchlauf=3 mit Qms = 0.64900262612456
------------------------------------------
----------Durchlauf = 4 --------------
postadapt ... unique elements in g: 95
adapt_communities execution time = 5.89 s
durchlauf=4 mit Qms = 0.651784140398789
Final Qms = 0.651784140398789
estimating chunk magnitudes
chunk magnitude m = -0.05412878539954175
Qms execution time = 0.012 s
------------------------------------------
----------Durchlauf = 1 --------------
postadapt ... unique elements in g: 152
adapt_communities execution time = 8.18 s
durchlauf=1 mit Qms = 0.4629282539337066
------------------------------------------
----------Durchlauf = 2 --------------
postadapt ... unique elements in g: 110
adapt_communities execution time = 6.19 s
durchlauf=2 mit Qms = 0.6030821135540624
------------------------------------------
----------Durchlauf = 3 --------------
postadapt ... unique elements in g: 94
adapt_communities execution time = 6.1 s
durchlauf=3 mit Qms = 0.6497048977227367
------------------------------------------
----------Durchlauf = 4 --------------
postadapt ... unique elements in g: 93
adapt_communities execution time = 5.94 s
durchlauf=4 mit Qms = 0.6534755934316613
Final Qms = 0.6534755934316613
estimating chunk magnitudes
chunk magnitude m = -0.052930251939494306
Qms execution time = 0.012 s
------------------------------------------
----------Durchlauf = 1 --------------
postadapt ... unique elements in g: 149
adapt_communities execution time = 8.23 s
durchlauf=1 mit Qms = 0.4694844475455527
------------------------------------------
----------Durchlauf = 2 --------------
postadapt ... unique elements in g: 112
adapt_communities execution time = 6.23 s
durchlauf=2 mit Qms = 0.5849734039776313
------------------------------------------
----------Durchlauf = 3 --------------
postadapt ... unique elements in g: 100
adapt_communities execution time = 5.96 s
durchlauf=3 mit Qms = 0.6208656490473152
------------------------------------------
----------Durchlauf = 4 --------------
postadapt ... unique elements in g: 96
adapt_communities execution time = 5.88 s
durchlauf=4 mit Qms = 0.6322536699448311
------------------------------------------
----------Durchlauf = 5 --------------
postadapt ... unique elements in g: 95
adapt_communities execution time = 5.92 s
durchlauf=5 mit Qms = 0.6352939888062956
Final Qms = 0.6352939888062956
estimating chunk magnitudes
chunk magnitude m = -0.05491141204275249
Qms execution time = 0.011 s
------------------------------------------
----------Durchlauf = 1 --------------
postadapt ... unique elements in g: 156
adapt_communities execution time = 8.16 s
durchlauf=1 mit Qms = 0.45923892440137537
------------------------------------------
----------Durchlauf = 2 --------------
postadapt ... unique elements in g: 114
adapt_communities execution time = 6.43 s
durchlauf=2 mit Qms = 0.5955406727370128
------------------------------------------
----------Durchlauf = 3 --------------
postadapt ... unique elements in g: 105
adapt_communities execution time = 6.18 s
durchlauf=3 mit Qms = 0.62408042840725
------------------------------------------
----------Durchlauf = 4 --------------
postadapt ... unique elements in g: 101
adapt_communities execution time = 6.12 s
durchlauf=4 mit Qms = 0.6351141627949142
------------------------------------------
----------Durchlauf = 5 --------------
postadapt ... unique elements in g: 99
adapt_communities execution time = 6.06 s
durchlauf=5 mit Qms = 0.6395842689426801
Final Qms = 0.6395842689426801
estimating chunk magnitudes
chunk magnitude m = -0.05694939886967165
.....................
---print relevant Information---
inputfile = 
Qmulti-trial = 0.6395176924192221
Qmulti-trial = 0.6395176924192221 (p = 0.5968484837179251, t = 0.5482593631335755)
Qmulti-trial-shuffled = 0.6413178397237661 +- 0.00985
slope of phi_real = 0.000913010062951915
Qms execution time = 0.011 s
------------------------------------------
----------Durchlauf = 1 --------------
postadapt ... unique elements in g: 149
adapt_communities execution time = 6.49 s
durchlauf=1 mit Qms = 0.4317587789837247
------------------------------------------
----------Durchlauf = 2 --------------
postadapt ... unique elements in g: 110
adapt_communities execution time = 5.37 s
durchlauf=2 mit Qms = 0.5700968679981373
------------------------------------------
----------Durchlauf = 3 --------------
postadapt ... unique elements in g: 92
adapt_communities execution time = 5.07 s
durchlauf=3 mit Qms = 0.6200348639476139
------------------------------------------
----------Durchlauf = 4 --------------
postadapt ... unique elements in g: 86
adapt_communities execution time = 4.97 s
durchlauf=4 mit Qms = 0.6342351424630671
Final Qms = 0.6342351424630671
estimating chunk magnitudes
chunk magnitude m = -0.06240863342079672
Qms execution time = 0.011 s
------------------------------------------
----------Durchlauf = 1 --------------
postadapt ... unique elements in g: 136
adapt_communities execution time = 6.63 s
durchlauf=1 mit Qms = 0.48234910536066217
------------------------------------------
----------Durchlauf = 2 --------------
postadapt ... unique elements in g: 102
adapt_communities execution time = 5.13 s
durchlauf=2 mit Qms = 0.6058320930880177
------------------------------------------
----------Durchlauf = 3 --------------
postadapt ... unique elements in g: 91
adapt_communities execution time = 4.93 s
durchlauf=3 mit Qms = 0.6438684226486726
------------------------------------------
----------Durchlauf = 4 --------------
postadapt ... unique elements in g: 88
adapt_communities execution time = 4.81 s
durchlauf=4 mit Qms = 0.6529555769102253
------------------------------------------
----------Durchlauf = 5 --------------
postadapt ... unique elements in g: 87
adapt_communities execution time = 4.83 s
durchlauf=5 mit Qms = 0.6545754515177233
Final Qms = 0.6545754515177233
estimating chunk magnitudes
chunk magnitude m = -0.05890754611500677
Qms execution time = 0.01 s
------------------------------------------
----------Durchlauf = 1 --------------
postadapt ... unique elements in g: 137
adapt_communities execution time = 6.7 s
durchlauf=1 mit Qms = 0.48992506942795927
------------------------------------------
----------Durchlauf = 2 --------------
postadapt ... unique elements in g: 100
adapt_communities execution time = 5.06 s
durchlauf=2 mit Qms = 0.622397625161909
------------------------------------------
----------Durchlauf = 3 --------------
postadapt ... unique elements in g: 88
adapt_communities execution time = 4.94 s
durchlauf=3 mit Qms = 0.6636171604528749
------------------------------------------
----------Durchlauf = 4 --------------
postadapt ... unique elements in g: 87
adapt_communities execution time = 4.88 s
durchlauf=4 mit Qms = 0.6675644058918613
Final Qms = 0.6675644058918613
estimating chunk magnitudes
chunk magnitude m = -0.06268348150933022
Qms execution time = 0.011 s
------------------------------------------
----------Durchlauf = 1 --------------
postadapt ... unique elements in g: 144
adapt_communities execution time = 6.64 s
durchlauf=1 mit Qms = 0.4635085309104999
------------------------------------------
----------Durchlauf = 2 --------------
postadapt ... unique elements in g: 106
adapt_communities execution time = 5.25 s
durchlauf=2 mit Qms = 0.6023475235679604
------------------------------------------
----------Durchlauf = 3 --------------
postadapt ... unique elements in g: 91
adapt_communities execution time = 4.95 s
durchlauf=3 mit Qms = 0.6532494141482855
------------------------------------------
----------Durchlauf = 4 --------------
postadapt ... unique elements in g: 88
adapt_communities execution time = 5.02 s
durchlauf=4 mit Qms = 0.6620202683356186
------------------------------------------
----------Durchlauf = 5 --------------
postadapt ... unique elements in g: 87
adapt_communities execution time = 4.84 s
durchlauf=5 mit Qms = 0.6653047277299584
Final Qms = 0.6653047277299584
estimating chunk magnitudes
chunk magnitude m = -0.06092476496863955
Qms execution time = 0.00999 s
------------------------------------------
----------Durchlauf = 1 --------------
postadapt ... unique elements in g: 132
adapt_communities execution time = 6.67 s
durchlauf=1 mit Qms = 0.510044425243355
------------------------------------------
----------Durchlauf = 2 --------------
postadapt ... unique elements in g: 97
adapt_communities execution time = 5.07 s
durchlauf=2 mit Qms = 0.6375375643149932
------------------------------------------
----------Durchlauf = 3 --------------
postadapt ... unique elements in g: 89
adapt_communities execution time = 4.87 s
durchlauf=3 mit Qms = 0.665916208375234
------------------------------------------
----------Durchlauf = 4 --------------
postadapt ... unique elements in g: 87
adapt_communities execution time = 4.89 s
durchlauf=4 mit Qms = 0.6718352602502567
Final Qms = 0.6718352602502567
estimating chunk magnitudes
chunk magnitude m = -0.06240548292426645
Qms execution time = 0.00997 s
------------------------------------------
----------Durchlauf = 1 --------------
postadapt ... unique elements in g: 136
adapt_communities execution time = 6.83 s
durchlauf=1 mit Qms = 0.4918394298905316
------------------------------------------
----------Durchlauf = 2 --------------
postadapt ... unique elements in g: 103
adapt_communities execution time = 5.27 s
durchlauf=2 mit Qms = 0.6089347738018086
------------------------------------------
----------Durchlauf = 3 --------------
postadapt ... unique elements in g: 92
adapt_communities execution time = 5.04 s
durchlauf=3 mit Qms = 0.6435917020394919
------------------------------------------
----------Durchlauf = 4 --------------
postadapt ... unique elements in g: 88
adapt_communities execution time = 4.94 s
durchlauf=4 mit Qms = 0.655469829890561
Final Qms = 0.655469829890561
estimating chunk magnitudes
chunk magnitude m = -0.06179079451502192
Qms execution time = 0.011 s
------------------------------------------
----------Durchlauf = 1 --------------
postadapt ... unique elements in g: 134
adapt_communities execution time = 6.69 s
durchlauf=1 mit Qms = 0.4988667947892183
------------------------------------------
----------Durchlauf = 2 --------------
postadapt ... unique elements in g: 102
adapt_communities execution time = 5.3 s
durchlauf=2 mit Qms = 0.6132223338678547
------------------------------------------
----------Durchlauf = 3 --------------
postadapt ... unique elements in g: 96
adapt_communities execution time = 5.1 s
durchlauf=3 mit Qms = 0.6333379117225998
------------------------------------------
----------Durchlauf = 4 --------------
postadapt ... unique elements in g: 95
adapt_communities execution time = 5.12 s
durchlauf=4 mit Qms = 0.6359398846946026
Final Qms = 0.6359398846946026
estimating chunk magnitudes
chunk magnitude m = -0.06821744770827869
Qms execution time = 0.011 s
------------------------------------------
----------Durchlauf = 1 --------------
postadapt ... unique elements in g: 134
adapt_communities execution time = 6.66 s
durchlauf=1 mit Qms = 0.4970787080203207
------------------------------------------
----------Durchlauf = 2 --------------
postadapt ... unique elements in g: 100
adapt_communities execution time = 5.03 s
durchlauf=2 mit Qms = 0.6221048577454356
------------------------------------------
----------Durchlauf = 3 --------------
postadapt ... unique elements in g: 89
adapt_communities execution time = 5.09 s
durchlauf=3 mit Qms = 0.6627711797176362
------------------------------------------
----------Durchlauf = 4 --------------
postadapt ... unique elements in g: 86
adapt_communities execution time = 4.98 s
durchlauf=4 mit Qms = 0.6700976548828745
Final Qms = 0.6700976548828745
estimating chunk magnitudes
chunk magnitude m = -0.06126045397224452
Qms execution time = 0.011 s
------------------------------------------
----------Durchlauf = 1 --------------
postadapt ... unique elements in g: 125
adapt_communities execution time = 6.74 s
durchlauf=1 mit Qms = 0.5226825291337384
------------------------------------------
----------Durchlauf = 2 --------------
postadapt ... unique elements in g: 99
adapt_communities execution time = 4.92 s
durchlauf=2 mit Qms = 0.6149046919159028
------------------------------------------
----------Durchlauf = 3 --------------
postadapt ... unique elements in g: 89
adapt_communities execution time = 4.81 s
durchlauf=3 mit Qms = 0.6495321225903694
------------------------------------------
----------Durchlauf = 4 --------------
postadapt ... unique elements in g: 84
adapt_communities execution time = 4.68 s
durchlauf=4 mit Qms = 0.6624817698776693
------------------------------------------
----------Durchlauf = 5 --------------
postadapt ... unique elements in g: 83
adapt_communities execution time = 4.66 s
durchlauf=5 mit Qms = 0.6663979405584874
Final Qms = 0.6663979405584874
estimating chunk magnitudes
chunk magnitude m = -0.05705048198429314
Qms execution time = 0.011 s
------------------------------------------
----------Durchlauf = 1 --------------
postadapt ... unique elements in g: 135
adapt_communities execution time = 6.64 s
durchlauf=1 mit Qms = 0.4891145342497247
------------------------------------------
----------Durchlauf = 2 --------------
postadapt ... unique elements in g: 102
adapt_communities execution time = 5.15 s
durchlauf=2 mit Qms = 0.6033446902441932
------------------------------------------
----------Durchlauf = 3 --------------
postadapt ... unique elements in g: 92
adapt_communities execution time = 4.97 s
durchlauf=3 mit Qms = 0.638607338572262
------------------------------------------
----------Durchlauf = 4 --------------
postadapt ... unique elements in g: 90
adapt_communities execution time = 5.02 s
durchlauf=4 mit Qms = 0.6440435082960962
Final Qms = 0.6440435082960962
estimating chunk magnitudes
chunk magnitude m = -0.062413588406039826
Qms execution time = 0.011 s
------------------------------------------
----------Durchlauf = 1 --------------
postadapt ... unique elements in g: 129
adapt_communities execution time = 6.69 s
durchlauf=1 mit Qms = 0.5149534684609385
------------------------------------------
----------Durchlauf = 2 --------------
postadapt ... unique elements in g: 98
adapt_communities execution time = 5.07 s
durchlauf=2 mit Qms = 0.6242729126601837
------------------------------------------
----------Durchlauf = 3 --------------
postadapt ... unique elements in g: 90
adapt_communities execution time = 4.96 s
durchlauf=3 mit Qms = 0.6491593331177851
------------------------------------------
----------Durchlauf = 4 --------------
postadapt ... unique elements in g: 89
adapt_communities execution time = 4.92 s
durchlauf=4 mit Qms = 0.6528491762498493
Final Qms = 0.6528491762498493
estimating chunk magnitudes
chunk magnitude m = -0.06284380208131102
.....................
---print relevant Information---
inputfile = 
Qmulti-trial = 0.6342351424630671
Qmulti-trial = 0.6342351424630671 (p = 0.00012296148760609625, t = 6.415858211221946)
Qmulti-trial-shuffled = 0.658407783996227 +- 0.0113
slope of phi_real = 0.0014868610200689703
Qms execution time = 0.028 s
------------------------------------------
----------Durchlauf = 1 --------------
postadapt ... unique elements in g: 248
adapt_communities execution time = 19.7 s
durchlauf=1 mit Qms = 0.4100273664890658
------------------------------------------
----------Durchlauf = 2 --------------
postadapt ... unique elements in g: 175
adapt_communities execution time = 13.6 s
durchlauf=2 mit Qms = 0.5373024489249213
------------------------------------------
----------Durchlauf = 3 --------------
postadapt ... unique elements in g: 156
adapt_communities execution time = 12.4 s
durchlauf=3 mit Qms = 0.5658711279006311
------------------------------------------
----------Durchlauf = 4 --------------
postadapt ... unique elements in g: 153
adapt_communities execution time = 12.1 s
durchlauf=4 mit Qms = 0.5703877294221801
Final Qms = 0.5703877294221801
estimating chunk magnitudes
chunk magnitude m = -0.24691809759381
Qms execution time = 0.018 s
------------------------------------------
----------Durchlauf = 1 --------------
postadapt ... unique elements in g: 249
adapt_communities execution time = 19.2 s
durchlauf=1 mit Qms = 0.44199832987444415
------------------------------------------
----------Durchlauf = 2 --------------
postadapt ... unique elements in g: 187
adapt_communities execution time = 14.1 s
durchlauf=2 mit Qms = 0.5589657479019524
------------------------------------------
----------Durchlauf = 3 --------------
postadapt ... unique elements in g: 172
adapt_communities execution time = 13.3 s
durchlauf=3 mit Qms = 0.5794868713857275
------------------------------------------
----------Durchlauf = 4 --------------
postadapt ... unique elements in g: 168
adapt_communities execution time = 12.9 s
durchlauf=4 mit Qms = 0.5842190587695855
Final Qms = 0.5842190587695855
estimating chunk magnitudes
chunk magnitude m = -0.28501176917119403
Qms execution time = 0.018 s
------------------------------------------
----------Durchlauf = 1 --------------
postadapt ... unique elements in g: 242
adapt_communities execution time = 19.1 s
durchlauf=1 mit Qms = 0.45885036102837023
------------------------------------------
----------Durchlauf = 2 --------------
postadapt ... unique elements in g: 192
adapt_communities execution time = 14.1 s
durchlauf=2 mit Qms = 0.5595174373416846
------------------------------------------
----------Durchlauf = 3 --------------
postadapt ... unique elements in g: 175
adapt_communities execution time = 13.9 s
durchlauf=3 mit Qms = 0.5864313412746885
------------------------------------------
----------Durchlauf = 4 --------------
postadapt ... unique elements in g: 169
adapt_communities execution time = 13.2 s
durchlauf=4 mit Qms = 0.594342709882075
Final Qms = 0.594342709882075
estimating chunk magnitudes
chunk magnitude m = -0.2916908647270419
Qms execution time = 0.018 s
------------------------------------------
----------Durchlauf = 1 --------------
postadapt ... unique elements in g: 242
adapt_communities execution time = 19.0 s
durchlauf=1 mit Qms = 0.48083897427264166
------------------------------------------
----------Durchlauf = 2 --------------
postadapt ... unique elements in g: 193
adapt_communities execution time = 14.1 s
durchlauf=2 mit Qms = 0.565809851707018
------------------------------------------
----------Durchlauf = 3 --------------
postadapt ... unique elements in g: 183
adapt_communities execution time = 13.8 s
durchlauf=3 mit Qms = 0.5809423922842486
------------------------------------------
----------Durchlauf = 4 --------------
postadapt ... unique elements in g: 176
adapt_communities execution time = 13.9 s
durchlauf=4 mit Qms = 0.5875266539911619
Final Qms = 0.5875266539911619
estimating chunk magnitudes
chunk magnitude m = -0.3017953055366198
Qms execution time = 0.018 s
------------------------------------------
----------Durchlauf = 1 --------------
postadapt ... unique elements in g: 253
adapt_communities execution time = 18.6 s
durchlauf=1 mit Qms = 0.4449443354057304
------------------------------------------
----------Durchlauf = 2 --------------
postadapt ... unique elements in g: 196
adapt_communities execution time = 14.2 s
durchlauf=2 mit Qms = 0.5542652841979088
------------------------------------------
----------Durchlauf = 3 --------------
postadapt ... unique elements in g: 177
adapt_communities execution time = 13.5 s
durchlauf=3 mit Qms = 0.5825905587430068
------------------------------------------
----------Durchlauf = 4 --------------
postadapt ... unique elements in g: 169
adapt_communities execution time = 13.1 s
durchlauf=4 mit Qms = 0.5948401440662863
Final Qms = 0.5948401440662863
estimating chunk magnitudes
chunk magnitude m = -0.2871092077992239
Qms execution time = 0.018 s
------------------------------------------
----------Durchlauf = 1 --------------
postadapt ... unique elements in g: 243
adapt_communities execution time = 19.0 s
durchlauf=1 mit Qms = 0.44928658063029464
------------------------------------------
----------Durchlauf = 2 --------------
postadapt ... unique elements in g: 193
adapt_communities execution time = 14.6 s
durchlauf=2 mit Qms = 0.5515100063429581
------------------------------------------
----------Durchlauf = 3 --------------
postadapt ... unique elements in g: 182
adapt_communities execution time = 13.7 s
durchlauf=3 mit Qms = 0.5683887254587923
------------------------------------------
----------Durchlauf = 4 --------------
postadapt ... unique elements in g: 178
adapt_communities execution time = 13.5 s
durchlauf=4 mit Qms = 0.5719956980358143
Final Qms = 0.5719956980358143
estimating chunk magnitudes
chunk magnitude m = -0.29394678592100365
Qms execution time = 0.0179 s
------------------------------------------
----------Durchlauf = 1 --------------
postadapt ... unique elements in g: 246
adapt_communities execution time = 19.0 s
durchlauf=1 mit Qms = 0.4595629885157161
------------------------------------------
----------Durchlauf = 2 --------------
postadapt ... unique elements in g: 192
adapt_communities execution time = 14.1 s
durchlauf=2 mit Qms = 0.5538410146201828
------------------------------------------
----------Durchlauf = 3 --------------
postadapt ... unique elements in g: 180
adapt_communities execution time = 13.3 s
durchlauf=3 mit Qms = 0.5726699074270428
------------------------------------------
----------Durchlauf = 4 --------------
postadapt ... unique elements in g: 172
adapt_communities execution time = 13.4 s
durchlauf=4 mit Qms = 0.5831328437921521
Final Qms = 0.5831328437921521
estimating chunk magnitudes
chunk magnitude m = -0.29332656342995866
Qms execution time = 0.018 s
------------------------------------------
----------Durchlauf = 1 --------------
postadapt ... unique elements in g: 243
adapt_communities execution time = 19.0 s
durchlauf=1 mit Qms = 0.4692612758129826
------------------------------------------
----------Durchlauf = 2 --------------
postadapt ... unique elements in g: 191
adapt_communities execution time = 14.0 s
durchlauf=2 mit Qms = 0.5624495528829351
------------------------------------------
----------Durchlauf = 3 --------------
postadapt ... unique elements in g: 180
adapt_communities execution time = 13.5 s
durchlauf=3 mit Qms = 0.5785992887382663
------------------------------------------
----------Durchlauf = 4 --------------
postadapt ... unique elements in g: 174
adapt_communities execution time = 13.4 s
durchlauf=4 mit Qms = 0.5878140550143143
Final Qms = 0.5878140550143143
estimating chunk magnitudes
chunk magnitude m = -0.29596278040125934
Qms execution time = 0.017 s
------------------------------------------
----------Durchlauf = 1 --------------
postadapt ... unique elements in g: 243
adapt_communities execution time = 19.0 s
durchlauf=1 mit Qms = 0.4653064169374735
------------------------------------------
----------Durchlauf = 2 --------------
postadapt ... unique elements in g: 188
adapt_communities execution time = 14.1 s
durchlauf=2 mit Qms = 0.5733468035768324
------------------------------------------
----------Durchlauf = 3 --------------
postadapt ... unique elements in g: 179
adapt_communities execution time = 13.6 s
durchlauf=3 mit Qms = 0.5869092297216046
------------------------------------------
----------Durchlauf = 4 --------------
postadapt ... unique elements in g: 174
adapt_communities execution time = 13.2 s
durchlauf=4 mit Qms = 0.5906061192085691
Final Qms = 0.5906061192085691
estimating chunk magnitudes
chunk magnitude m = -0.2894077509851366
Qms execution time = 0.018 s
------------------------------------------
----------Durchlauf = 1 --------------
postadapt ... unique elements in g: 235
adapt_communities execution time = 19.1 s
durchlauf=1 mit Qms = 0.48152560694717444
------------------------------------------
----------Durchlauf = 2 --------------
postadapt ... unique elements in g: 182
adapt_communities execution time = 14.0 s
durchlauf=2 mit Qms = 0.5736212660038986
------------------------------------------
----------Durchlauf = 3 --------------
postadapt ... unique elements in g: 177
adapt_communities execution time = 13.4 s
durchlauf=3 mit Qms = 0.5788756017663379
------------------------------------------
----------Durchlauf = 4 --------------
postadapt ... unique elements in g: 174
adapt_communities execution time = 13.2 s
durchlauf=4 mit Qms = 0.5817881001257175
Final Qms = 0.5817881001257175
estimating chunk magnitudes
chunk magnitude m = -0.3007197613365074
Qms execution time = 0.018 s
------------------------------------------
----------Durchlauf = 1 --------------
postadapt ... unique elements in g: 228
adapt_communities execution time = 19.4 s
durchlauf=1 mit Qms = 0.49701796641127755
------------------------------------------
----------Durchlauf = 2 --------------
postadapt ... unique elements in g: 189
adapt_communities execution time = 14.1 s
durchlauf=2 mit Qms = 0.5621269131464026
------------------------------------------
----------Durchlauf = 3 --------------
postadapt ... unique elements in g: 182
adapt_communities execution time = 13.7 s
durchlauf=3 mit Qms = 0.570293366602829
------------------------------------------
----------Durchlauf = 4 --------------
postadapt ... unique elements in g: 181
adapt_communities execution time = 13.6 s
durchlauf=4 mit Qms = 0.5704145810487926
Final Qms = 0.5704145810487926
estimating chunk magnitudes
chunk magnitude m = -0.3083512473078537
.....................
---print relevant Information---
inputfile = 
Qmulti-trial = 0.5703877294221801
Qmulti-trial = 0.5703877294221801 (p = 0.0004224065028235901, t = 5.418968967414838)
Qmulti-trial-shuffled = 0.5846679963934468 +- 0.007906
slope of phi_real = 0.0028603518630621882
Qms execution time = 0.03 s
------------------------------------------
----------Durchlauf = 1 --------------
postadapt ... unique elements in g: 369
adapt_communities execution time = 34.6 s
durchlauf=1 mit Qms = 0.38202169389955604
------------------------------------------
----------Durchlauf = 2 --------------
postadapt ... unique elements in g: 277
adapt_communities execution time = 26.3 s
durchlauf=2 mit Qms = 0.5104441349060267
------------------------------------------
----------Durchlauf = 3 --------------
postadapt ... unique elements in g: 234
adapt_communities execution time = 24.3 s
durchlauf=3 mit Qms = 0.5628108658617691
------------------------------------------
----------Durchlauf = 4 --------------
postadapt ... unique elements in g: 210
adapt_communities execution time = 23.2 s
durchlauf=4 mit Qms = 0.587121093958101
Final Qms = 0.587121093958101
estimating chunk magnitudes
chunk magnitude m = -0.19268414629386246
Qms execution time = 0.024 s
------------------------------------------
----------Durchlauf = 1 --------------
postadapt ... unique elements in g: 326
adapt_communities execution time = 35.1 s
durchlauf=1 mit Qms = 0.4414986630913588
------------------------------------------
----------Durchlauf = 2 --------------
postadapt ... unique elements in g: 256
adapt_communities execution time = 26.0 s
durchlauf=2 mit Qms = 0.5400699762424682
------------------------------------------
----------Durchlauf = 3 --------------
postadapt ... unique elements in g: 239
adapt_communities execution time = 24.9 s
durchlauf=3 mit Qms = 0.5630945449640419
------------------------------------------
----------Durchlauf = 4 --------------
postadapt ... unique elements in g: 228
adapt_communities execution time = 24.4 s
durchlauf=4 mit Qms = 0.5729878029899353
Final Qms = 0.5729878029899353
estimating chunk magnitudes
chunk magnitude m = -0.20521272094168377
Qms execution time = 0.025 s
------------------------------------------
----------Durchlauf = 1 --------------
postadapt ... unique elements in g: 326
adapt_communities execution time = 35.8 s
durchlauf=1 mit Qms = 0.45183314236598804
------------------------------------------
----------Durchlauf = 2 --------------
postadapt ... unique elements in g: 253
adapt_communities execution time = 25.7 s
durchlauf=2 mit Qms = 0.5493060352430795
------------------------------------------
----------Durchlauf = 3 --------------
postadapt ... unique elements in g: 238
adapt_communities execution time = 24.7 s
durchlauf=3 mit Qms = 0.5655289580681389
------------------------------------------
----------Durchlauf = 4 --------------
postadapt ... unique elements in g: 229
adapt_communities execution time = 24.5 s
durchlauf=4 mit Qms = 0.5734141412271911
Final Qms = 0.5734141412271911
estimating chunk magnitudes
chunk magnitude m = -0.20630048106655458
Qms execution time = 0.024 s
------------------------------------------
----------Durchlauf = 1 --------------
postadapt ... unique elements in g: 340
adapt_communities execution time = 35.4 s
durchlauf=1 mit Qms = 0.4378060664885002
------------------------------------------
----------Durchlauf = 2 --------------
postadapt ... unique elements in g: 262
adapt_communities execution time = 26.2 s
durchlauf=2 mit Qms = 0.5428388051164637
------------------------------------------
----------Durchlauf = 3 --------------
postadapt ... unique elements in g: 248
adapt_communities execution time = 25.4 s
durchlauf=3 mit Qms = 0.5587333894668827
------------------------------------------
----------Durchlauf = 4 --------------
postadapt ... unique elements in g: 240
adapt_communities execution time = 24.9 s
durchlauf=4 mit Qms = 0.5662972022040021
Final Qms = 0.5662972022040021
estimating chunk magnitudes
chunk magnitude m = -0.2180166935279685
Qms execution time = 0.025 s
------------------------------------------
----------Durchlauf = 1 --------------
postadapt ... unique elements in g: 331
adapt_communities execution time = 35.9 s
durchlauf=1 mit Qms = 0.4544447057305699
------------------------------------------
----------Durchlauf = 2 --------------
postadapt ... unique elements in g: 266
adapt_communities execution time = 26.6 s
durchlauf=2 mit Qms = 0.5469279700278757
------------------------------------------
----------Durchlauf = 3 --------------
postadapt ... unique elements in g: 250
adapt_communities execution time = 25.6 s
durchlauf=3 mit Qms = 0.567497005453007
------------------------------------------
----------Durchlauf = 4 --------------
postadapt ... unique elements in g: 236
adapt_communities execution time = 25.1 s
durchlauf=4 mit Qms = 0.5812882543554868
Final Qms = 0.5812882543554868
estimating chunk magnitudes
chunk magnitude m = -0.2171686449318774
Qms execution time = 0.026 s
------------------------------------------
----------Durchlauf = 1 --------------
postadapt ... unique elements in g: 333
adapt_communities execution time = 35.9 s
durchlauf=1 mit Qms = 0.44253524559444696
------------------------------------------
----------Durchlauf = 2 --------------
postadapt ... unique elements in g: 261
adapt_communities execution time = 26.8 s
durchlauf=2 mit Qms = 0.5368632614431419
------------------------------------------
----------Durchlauf = 3 --------------
postadapt ... unique elements in g: 247
adapt_communities execution time = 25.4 s
durchlauf=3 mit Qms = 0.5542850379084093
------------------------------------------
----------Durchlauf = 4 --------------
postadapt ... unique elements in g: 238
adapt_communities execution time = 25.1 s
durchlauf=4 mit Qms = 0.5640682495275513
Final Qms = 0.5640682495275513
estimating chunk magnitudes
chunk magnitude m = -0.21695916352439068
Qms execution time = 0.026 s
------------------------------------------
----------Durchlauf = 1 --------------
postadapt ... unique elements in g: 328
adapt_communities execution time = 36.0 s
durchlauf=1 mit Qms = 0.4393486748949039
------------------------------------------
----------Durchlauf = 2 --------------
postadapt ... unique elements in g: 253
adapt_communities execution time = 25.6 s
durchlauf=2 mit Qms = 0.5422369796693409
------------------------------------------
----------Durchlauf = 3 --------------
postadapt ... unique elements in g: 238
adapt_communities execution time = 24.6 s
durchlauf=3 mit Qms = 0.5612649459196151
------------------------------------------
----------Durchlauf = 4 --------------
postadapt ... unique elements in g: 229
adapt_communities execution time = 24.3 s
durchlauf=4 mit Qms = 0.571118136905098
Final Qms = 0.571118136905098
estimating chunk magnitudes
chunk magnitude m = -0.20796531432556106
Qms execution time = 0.025 s
------------------------------------------
----------Durchlauf = 1 --------------
postadapt ... unique elements in g: 327
adapt_communities execution time = 35.6 s
durchlauf=1 mit Qms = 0.44302117222927173
------------------------------------------
----------Durchlauf = 2 --------------
postadapt ... unique elements in g: 258
adapt_communities execution time = 26.2 s
durchlauf=2 mit Qms = 0.5370262936007512
------------------------------------------
----------Durchlauf = 3 --------------
postadapt ... unique elements in g: 246
adapt_communities execution time = 25.4 s
durchlauf=3 mit Qms = 0.5527326154584191
------------------------------------------
----------Durchlauf = 4 --------------
postadapt ... unique elements in g: 238
adapt_communities execution time = 25.0 s
durchlauf=4 mit Qms = 0.5604942314061351
Final Qms = 0.5604942314061351
estimating chunk magnitudes
chunk magnitude m = -0.217186621144203
Qms execution time = 0.025 s
------------------------------------------
----------Durchlauf = 1 --------------
postadapt ... unique elements in g: 334
adapt_communities execution time = 35.6 s
durchlauf=1 mit Qms = 0.4393662122214681
------------------------------------------
----------Durchlauf = 2 --------------
postadapt ... unique elements in g: 258
adapt_communities execution time = 26.3 s
durchlauf=2 mit Qms = 0.5491231917991726
------------------------------------------
----------Durchlauf = 3 --------------
postadapt ... unique elements in g: 244
adapt_communities execution time = 25.2 s
durchlauf=3 mit Qms = 0.5680093740035524
------------------------------------------
----------Durchlauf = 4 --------------
postadapt ... unique elements in g: 233
adapt_communities execution time = 25.0 s
durchlauf=4 mit Qms = 0.578121222508888
Final Qms = 0.578121222508888
estimating chunk magnitudes
chunk magnitude m = -0.20870270189391113
Qms execution time = 0.025 s
------------------------------------------
----------Durchlauf = 1 --------------
postadapt ... unique elements in g: 341
adapt_communities execution time = 35.7 s
durchlauf=1 mit Qms = 0.4389098739491449
------------------------------------------
----------Durchlauf = 2 --------------
postadapt ... unique elements in g: 262
adapt_communities execution time = 26.6 s
durchlauf=2 mit Qms = 0.5454244834440359
------------------------------------------
----------Durchlauf = 3 --------------
postadapt ... unique elements in g: 245
adapt_communities execution time = 25.3 s
durchlauf=3 mit Qms = 0.567144263893331
------------------------------------------
----------Durchlauf = 4 --------------
postadapt ... unique elements in g: 231
adapt_communities execution time = 25.0 s
durchlauf=4 mit Qms = 0.579337181728573
Final Qms = 0.579337181728573
estimating chunk magnitudes
chunk magnitude m = -0.2132679775973574
Qms execution time = 0.025 s
------------------------------------------
----------Durchlauf = 1 --------------
postadapt ... unique elements in g: 325
adapt_communities execution time = 35.9 s
durchlauf=1 mit Qms = 0.45514474585267656
------------------------------------------
----------Durchlauf = 2 --------------
postadapt ... unique elements in g: 255
adapt_communities execution time = 26.2 s
durchlauf=2 mit Qms = 0.5508726528955556
------------------------------------------
----------Durchlauf = 3 --------------
postadapt ... unique elements in g: 237
adapt_communities execution time = 25.0 s
durchlauf=3 mit Qms = 0.5702264535483144
------------------------------------------
----------Durchlauf = 4 --------------
postadapt ... unique elements in g: 229
adapt_communities execution time = 24.5 s
durchlauf=4 mit Qms = 0.5794636407206097
Final Qms = 0.5794636407206097
estimating chunk magnitudes
chunk magnitude m = -0.20889092696971656
.....................
---print relevant Information---
inputfile = 
Qmulti-trial = 0.587121093958101
Qmulti-trial = 0.587121093958101 (p = 0.00012624558712734613, t = -6.3934204525875105)
Qmulti-trial-shuffled = 0.5726590063573471 +- 0.006786
slope of phi_real = 0.0019838827291083273
Initialising class SEQ ...
Qms execution time = 0.043 s
------------------------------------------
----------Durchlauf = 1 --------------
postadapt ... unique elements in g: 481
adapt_communities execution time = 77.7 s
durchlauf=1 mit Qms = 0.4716799954232941
------------------------------------------
----------Durchlauf = 2 --------------
postadapt ... unique elements in g: 396
adapt_communities execution time = 63.2 s
durchlauf=2 mit Qms = 0.5733734028403985
------------------------------------------
----------Durchlauf = 3 --------------
postadapt ... unique elements in g: 361
adapt_communities execution time = 61.3 s
durchlauf=3 mit Qms = 0.6114840517009795
------------------------------------------
----------Durchlauf = 4 --------------
postadapt ... unique elements in g: 358
adapt_communities execution time = 61.2 s
durchlauf=4 mit Qms = 0.6147575918557974
------------------------------------------
----------Durchlauf = 5 --------------
postadapt ... unique elements in g: 357
adapt_communities execution time = 61.4 s
durchlauf=5 mit Qms = 0.6158026492764979
Final Qms = 0.6158026492764979
estimating chunk magnitudes
chunk magnitude m = -0.09226729305376428
Qms execution time = 0.037 s
------------------------------------------
----------Durchlauf = 1 --------------
postadapt ... unique elements in g: 469
adapt_communities execution time = 77.9 s
durchlauf=1 mit Qms = 0.4381631014204498
------------------------------------------
----------Durchlauf = 2 --------------
postadapt ... unique elements in g: 354
adapt_communities execution time = 58.9 s
durchlauf=2 mit Qms = 0.5455105889887414
------------------------------------------
----------Durchlauf = 3 --------------
postadapt ... unique elements in g: 317
adapt_communities execution time = 56.7 s
durchlauf=3 mit Qms = 0.5736082764819715
------------------------------------------
----------Durchlauf = 4 --------------
postadapt ... unique elements in g: 306
adapt_communities execution time = 55.5 s
durchlauf=4 mit Qms = 0.5807763142589917
------------------------------------------
----------Durchlauf = 5 --------------
postadapt ... unique elements in g: 302
adapt_communities execution time = 55.4 s
durchlauf=5 mit Qms = 0.5836165383070938
Final Qms = 0.5836165383070938
estimating chunk magnitudes
chunk magnitude m = -0.08450034236432533
Qms execution time = 0.036 s
------------------------------------------
----------Durchlauf = 1 --------------
postadapt ... unique elements in g: 456
adapt_communities execution time = 78.8 s
durchlauf=1 mit Qms = 0.4519651833318457
------------------------------------------
----------Durchlauf = 2 --------------
postadapt ... unique elements in g: 344
adapt_communities execution time = 58.7 s
durchlauf=2 mit Qms = 0.5511881066973179
------------------------------------------
----------Durchlauf = 3 --------------
postadapt ... unique elements in g: 313
adapt_communities execution time = 56.0 s
durchlauf=3 mit Qms = 0.5760101910828168
------------------------------------------
----------Durchlauf = 4 --------------
postadapt ... unique elements in g: 307
adapt_communities execution time = 55.5 s
durchlauf=4 mit Qms = 0.5793262900922019
------------------------------------------
----------Durchlauf = 5 --------------
postadapt ... unique elements in g: 304
adapt_communities execution time = 55.7 s
durchlauf=5 mit Qms = 0.580338770288711
Final Qms = 0.580338770288711
estimating chunk magnitudes
chunk magnitude m = -0.08595682443739833
Qms execution time = 0.036 s
------------------------------------------
----------Durchlauf = 1 --------------
postadapt ... unique elements in g: 453
adapt_communities execution time = 79.0 s
durchlauf=1 mit Qms = 0.46492882462609303
------------------------------------------
----------Durchlauf = 2 --------------
postadapt ... unique elements in g: 335
adapt_communities execution time = 58.3 s
durchlauf=2 mit Qms = 0.5739718723349878
------------------------------------------
----------Durchlauf = 3 --------------
postadapt ... unique elements in g: 299
adapt_communities execution time = 55.8 s
durchlauf=3 mit Qms = 0.6004346994608847
------------------------------------------
----------Durchlauf = 4 --------------
postadapt ... unique elements in g: 293
adapt_communities execution time = 55.2 s
durchlauf=4 mit Qms = 0.603043965512491
Final Qms = 0.603043965512491
estimating chunk magnitudes
chunk magnitude m = -0.08156578470206856
Qms execution time = 0.037 s
------------------------------------------
----------Durchlauf = 1 --------------
postadapt ... unique elements in g: 452
adapt_communities execution time = 80.3 s
durchlauf=1 mit Qms = 0.44866311884681803
------------------------------------------
----------Durchlauf = 2 --------------
postadapt ... unique elements in g: 342
adapt_communities execution time = 59.2 s
durchlauf=2 mit Qms = 0.5491205034486274
------------------------------------------
----------Durchlauf = 3 --------------
postadapt ... unique elements in g: 309
adapt_communities execution time = 57.0 s
durchlauf=3 mit Qms = 0.5747136754716247
------------------------------------------
----------Durchlauf = 4 --------------
postadapt ... unique elements in g: 300
adapt_communities execution time = 55.7 s
durchlauf=4 mit Qms = 0.5799120297001341
------------------------------------------
----------Durchlauf = 5 --------------
postadapt ... unique elements in g: 298
adapt_communities execution time = 56.1 s
durchlauf=5 mit Qms = 0.5817587339699118
Final Qms = 0.5817587339699118
estimating chunk magnitudes
chunk magnitude m = -0.08238029546358797
Qms execution time = 0.037 s
------------------------------------------
----------Durchlauf = 1 --------------
postadapt ... unique elements in g: 440
adapt_communities execution time = 80.1 s
durchlauf=1 mit Qms = 0.47492041246559197
------------------------------------------
----------Durchlauf = 2 --------------
postadapt ... unique elements in g: 332
adapt_communities execution time = 58.2 s
durchlauf=2 mit Qms = 0.5711896480342049
------------------------------------------
----------Durchlauf = 3 --------------
postadapt ... unique elements in g: 298
adapt_communities execution time = 55.5 s
durchlauf=3 mit Qms = 0.5958044763207793
------------------------------------------
----------Durchlauf = 4 --------------
postadapt ... unique elements in g: 290
adapt_communities execution time = 55.0 s
durchlauf=4 mit Qms = 0.6016435881106216
------------------------------------------
----------Durchlauf = 5 --------------
postadapt ... unique elements in g: 288
adapt_communities execution time = 55.3 s
durchlauf=5 mit Qms = 0.6027295747509834
Final Qms = 0.6027295747509834
estimating chunk magnitudes
chunk magnitude m = -0.07948037069253
Qms execution time = 0.037 s
------------------------------------------
----------Durchlauf = 1 --------------
postadapt ... unique elements in g: 449
adapt_communities execution time = 81.1 s
durchlauf=1 mit Qms = 0.45389816769808206
------------------------------------------
----------Durchlauf = 2 --------------
postadapt ... unique elements in g: 340
adapt_communities execution time = 59.0 s
durchlauf=2 mit Qms = 0.5560873384109452
------------------------------------------
----------Durchlauf = 3 --------------
postadapt ... unique elements in g: 311
adapt_communities execution time = 57.6 s
durchlauf=3 mit Qms = 0.5783866388898524
------------------------------------------
----------Durchlauf = 4 --------------
postadapt ... unique elements in g: 301
adapt_communities execution time = 56.3 s
durchlauf=4 mit Qms = 0.584098824298782
------------------------------------------
----------Durchlauf = 5 --------------
postadapt ... unique elements in g: 299
adapt_communities execution time = 56.2 s
durchlauf=5 mit Qms = 0.5848269995681884
Final Qms = 0.5848269995681884
estimating chunk magnitudes
chunk magnitude m = -0.0829872336486418
Qms execution time = 0.038 s
------------------------------------------
----------Durchlauf = 1 --------------
postadapt ... unique elements in g: 457
adapt_communities execution time = 80.3 s
durchlauf=1 mit Qms = 0.44908669929358286
------------------------------------------
----------Durchlauf = 2 --------------
postadapt ... unique elements in g: 343
adapt_communities execution time = 59.9 s
durchlauf=2 mit Qms = 0.553785432961839
------------------------------------------
----------Durchlauf = 3 --------------
postadapt ... unique elements in g: 303
adapt_communities execution time = 56.3 s
durchlauf=3 mit Qms = 0.5822572965939453
------------------------------------------
----------Durchlauf = 4 --------------
postadapt ... unique elements in g: 294
adapt_communities execution time = 55.4 s
durchlauf=4 mit Qms = 0.5880584109011581
------------------------------------------
----------Durchlauf = 5 --------------
postadapt ... unique elements in g: 291
adapt_communities execution time = 54.7 s
durchlauf=5 mit Qms = 0.5900861956245534
------------------------------------------
----------Durchlauf = 6 --------------
postadapt ... unique elements in g: 290
adapt_communities execution time = 55.2 s
durchlauf=6 mit Qms = 0.5908925975985297
------------------------------------------
----------Durchlauf = 7 --------------
postadapt ... unique elements in g: 289
adapt_communities execution time = 55.0 s
durchlauf=7 mit Qms = 0.5912930953622497
Final Qms = 0.5912930953622497
estimating chunk magnitudes
chunk magnitude m = -0.07974018729591006
Qms execution time = 0.036 s
------------------------------------------
----------Durchlauf = 1 --------------
postadapt ... unique elements in g: 470
adapt_communities execution time = 79.3 s
durchlauf=1 mit Qms = 0.43936462297084083
------------------------------------------
----------Durchlauf = 2 --------------
postadapt ... unique elements in g: 361
adapt_communities execution time = 60.2 s
durchlauf=2 mit Qms = 0.539894236390729
------------------------------------------
----------Durchlauf = 3 --------------
postadapt ... unique elements in g: 320
adapt_communities execution time = 57.3 s
durchlauf=3 mit Qms = 0.5689716012599042
------------------------------------------
----------Durchlauf = 4 --------------
postadapt ... unique elements in g: 309
adapt_communities execution time = 57.1 s
durchlauf=4 mit Qms = 0.5762225177652189
------------------------------------------
----------Durchlauf = 5 --------------
postadapt ... unique elements in g: 306
adapt_communities execution time = 57.5 s
durchlauf=5 mit Qms = 0.5778046257141926
Final Qms = 0.5778046257141926
estimating chunk magnitudes
chunk magnitude m = -0.08442565853786164
Qms execution time = 0.042 s
------------------------------------------
----------Durchlauf = 1 --------------
postadapt ... unique elements in g: 441
adapt_communities execution time = 80.7 s
durchlauf=1 mit Qms = 0.46309384981659546
------------------------------------------
----------Durchlauf = 2 --------------
postadapt ... unique elements in g: 332
adapt_communities execution time = 58.1 s
durchlauf=2 mit Qms = 0.5586433866510229
------------------------------------------
----------Durchlauf = 3 --------------
postadapt ... unique elements in g: 302
adapt_communities execution time = 55.9 s
durchlauf=3 mit Qms = 0.5835152626934883
------------------------------------------
----------Durchlauf = 4 --------------
postadapt ... unique elements in g: 290
adapt_communities execution time = 54.3 s
durchlauf=4 mit Qms = 0.5897913689475246
------------------------------------------
----------Durchlauf = 5 --------------
postadapt ... unique elements in g: 289
adapt_communities execution time = 54.7 s
durchlauf=5 mit Qms = 0.590693857713864
Final Qms = 0.590693857713864
estimating chunk magnitudes
chunk magnitude m = -0.08139335082191147
Qms execution time = 0.036 s
------------------------------------------
----------Durchlauf = 1 --------------
postadapt ... unique elements in g: 446
adapt_communities execution time = 79.9 s
durchlauf=1 mit Qms = 0.45573868084361563
------------------------------------------
----------Durchlauf = 2 --------------
postadapt ... unique elements in g: 331
adapt_communities execution time = 57.5 s
durchlauf=2 mit Qms = 0.5593180246380989
------------------------------------------
----------Durchlauf = 3 --------------
postadapt ... unique elements in g: 299
adapt_communities execution time = 55.2 s
durchlauf=3 mit Qms = 0.5795685647608118
------------------------------------------
----------Durchlauf = 4 --------------
postadapt ... unique elements in g: 291
adapt_communities execution time = 54.4 s
durchlauf=4 mit Qms = 0.5848263787716586
------------------------------------------
----------Durchlauf = 5 --------------
postadapt ... unique elements in g: 289
adapt_communities execution time = 54.9 s
durchlauf=5 mit Qms = 0.5860616024397252
------------------------------------------
----------Durchlauf = 6 --------------
postadapt ... unique elements in g: 288
adapt_communities execution time = 54.5 s
durchlauf=6 mit Qms = 0.5863433054466825
Final Qms = 0.5863433054466825
estimating chunk magnitudes
chunk magnitude m = -0.0803697764580505
.....................
---print relevant Information---
inputfile = 
Qmulti-trial = 0.6158026492764979
Qmulti-trial = 0.6158026492764979 (p = 3.822075072718573e-06, t = -9.92106589931688)
Qmulti-trial-shuffled = 0.5882449466634369 +- 0.008333
slope of phi_real = 0.000653079841666345
Initialising class SEQ ...
Qms execution time = 0.038 s
------------------------------------------
----------Durchlauf = 1 --------------
postadapt ... unique elements in g: 504
adapt_communities execution time = 83.2 s
durchlauf=1 mit Qms = 0.4672249533026732
------------------------------------------
----------Durchlauf = 2 --------------
postadapt ... unique elements in g: 426
adapt_communities execution time = 69.7 s
durchlauf=2 mit Qms = 0.5580833472115815
------------------------------------------
----------Durchlauf = 3 --------------
postadapt ... unique elements in g: 390
adapt_communities execution time = 68.3 s
durchlauf=3 mit Qms = 0.5958598223335921
------------------------------------------
----------Durchlauf = 4 --------------
postadapt ... unique elements in g: 389
adapt_communities execution time = 68.2 s
durchlauf=4 mit Qms = 0.596972397458297
------------------------------------------
----------Durchlauf = 5 --------------
postadapt ... unique elements in g: 388
adapt_communities execution time = 67.9 s
durchlauf=5 mit Qms = 0.5979663181423013
Final Qms = 0.5979663181423013
estimating chunk magnitudes
chunk magnitude m = -0.09443575777626184
Qms execution time = 0.038 s
------------------------------------------
----------Durchlauf = 1 --------------
postadapt ... unique elements in g: 461
adapt_communities execution time = 84.8 s
durchlauf=1 mit Qms = 0.455112794900532
------------------------------------------
----------Durchlauf = 2 --------------
postadapt ... unique elements in g: 351
adapt_communities execution time = 61.0 s
durchlauf=2 mit Qms = 0.5502255333483235
------------------------------------------
----------Durchlauf = 3 --------------
postadapt ... unique elements in g: 305
adapt_communities execution time = 58.4 s
durchlauf=3 mit Qms = 0.5791280859070034
------------------------------------------
----------Durchlauf = 4 --------------
postadapt ... unique elements in g: 296
adapt_communities execution time = 57.1 s
durchlauf=4 mit Qms = 0.5839906972739504
------------------------------------------
----------Durchlauf = 5 --------------
postadapt ... unique elements in g: 293
adapt_communities execution time = 57.0 s
durchlauf=5 mit Qms = 0.5848894374690953
------------------------------------------
----------Durchlauf = 6 --------------
postadapt ... unique elements in g: 292
adapt_communities execution time = 57.1 s
durchlauf=6 mit Qms = 0.5851231376584569
Final Qms = 0.5851231376584569
estimating chunk magnitudes
chunk magnitude m = -0.07678847888392046
Qms execution time = 0.037 s
------------------------------------------
----------Durchlauf = 1 --------------
postadapt ... unique elements in g: 466
adapt_communities execution time = 84.7 s
durchlauf=1 mit Qms = 0.4472925089914145
------------------------------------------
----------Durchlauf = 2 --------------
postadapt ... unique elements in g: 351
adapt_communities execution time = 62.0 s
durchlauf=2 mit Qms = 0.5524955383364318
------------------------------------------
----------Durchlauf = 3 --------------
postadapt ... unique elements in g: 316
adapt_communities execution time = 59.6 s
durchlauf=3 mit Qms = 0.5751393039466579
------------------------------------------
----------Durchlauf = 4 --------------
postadapt ... unique elements in g: 309
adapt_communities execution time = 58.8 s
durchlauf=4 mit Qms = 0.5800681803814535
------------------------------------------
----------Durchlauf = 5 --------------
postadapt ... unique elements in g: 308
adapt_communities execution time = 58.7 s
durchlauf=5 mit Qms = 0.5807283256284833
Final Qms = 0.5807283256284833
estimating chunk magnitudes
chunk magnitude m = -0.08148959216439812
Qms execution time = 0.044 s
------------------------------------------
----------Durchlauf = 1 --------------
postadapt ... unique elements in g: 485
adapt_communities execution time = 83.8 s
durchlauf=1 mit Qms = 0.44131943682967245
------------------------------------------
----------Durchlauf = 2 --------------
postadapt ... unique elements in g: 357
adapt_communities execution time = 62.0 s
durchlauf=2 mit Qms = 0.5477661120016658
------------------------------------------
----------Durchlauf = 3 --------------
postadapt ... unique elements in g: 315
adapt_communities execution time = 58.9 s
durchlauf=3 mit Qms = 0.579112610604199
------------------------------------------
----------Durchlauf = 4 --------------
postadapt ... unique elements in g: 306
adapt_communities execution time = 58.1 s
durchlauf=4 mit Qms = 0.5865163903175749
------------------------------------------
----------Durchlauf = 5 --------------
postadapt ... unique elements in g: 302
adapt_communities execution time = 58.1 s
durchlauf=5 mit Qms = 0.588643228509305
------------------------------------------
----------Durchlauf = 6 --------------
postadapt ... unique elements in g: 300
adapt_communities execution time = 58.2 s
durchlauf=6 mit Qms = 0.5894167102443804
------------------------------------------
----------Durchlauf = 7 --------------
postadapt ... unique elements in g: 299
adapt_communities execution time = 58.4 s
durchlauf=7 mit Qms = 0.589589487942104
Final Qms = 0.589589487942104
estimating chunk magnitudes
chunk magnitude m = -0.07995462235684567
Qms execution time = 0.036 s
------------------------------------------
----------Durchlauf = 1 --------------
postadapt ... unique elements in g: 466
adapt_communities execution time = 84.6 s
durchlauf=1 mit Qms = 0.4592762766015782
------------------------------------------
----------Durchlauf = 2 --------------
postadapt ... unique elements in g: 347
adapt_communities execution time = 61.0 s
durchlauf=2 mit Qms = 0.5648582289792682
------------------------------------------
----------Durchlauf = 3 --------------
postadapt ... unique elements in g: 304
adapt_communities execution time = 58.8 s
durchlauf=3 mit Qms = 0.5912055799550954
------------------------------------------
----------Durchlauf = 4 --------------
postadapt ... unique elements in g: 299
adapt_communities execution time = 57.4 s
durchlauf=4 mit Qms = 0.593863048606439
Final Qms = 0.593863048606439
estimating chunk magnitudes
chunk magnitude m = -0.07852133973895578
Qms execution time = 0.0563 s
------------------------------------------
----------Durchlauf = 1 --------------
postadapt ... unique elements in g: 450
adapt_communities execution time = 85.7 s
durchlauf=1 mit Qms = 0.45386073926788
------------------------------------------
----------Durchlauf = 2 --------------
postadapt ... unique elements in g: 347
adapt_communities execution time = 61.7 s
durchlauf=2 mit Qms = 0.543833703567952
------------------------------------------
----------Durchlauf = 3 --------------
postadapt ... unique elements in g: 315
adapt_communities execution time = 59.8 s
durchlauf=3 mit Qms = 0.5664058089564975
------------------------------------------
----------Durchlauf = 4 --------------
postadapt ... unique elements in g: 309
adapt_communities execution time = 59.5 s
durchlauf=4 mit Qms = 0.5702742220806035
------------------------------------------
----------Durchlauf = 5 --------------
postadapt ... unique elements in g: 307
adapt_communities execution time = 59.1 s
durchlauf=5 mit Qms = 0.5710881168308365
------------------------------------------
----------Durchlauf = 6 --------------
postadapt ... unique elements in g: 306
adapt_communities execution time = 58.7 s
durchlauf=6 mit Qms = 0.5714311167430596
------------------------------------------
----------Durchlauf = 7 --------------
postadapt ... unique elements in g: 305
adapt_communities execution time = 59.1 s
durchlauf=7 mit Qms = 0.5716921533415525
Final Qms = 0.5716921533415525
estimating chunk magnitudes
chunk magnitude m = -0.08138253223731991
Qms execution time = 0.038 s
------------------------------------------
----------Durchlauf = 1 --------------
postadapt ... unique elements in g: 454
adapt_communities execution time = 85.2 s
durchlauf=1 mit Qms = 0.4600351813554029
------------------------------------------
----------Durchlauf = 2 --------------
postadapt ... unique elements in g: 337
adapt_communities execution time = 61.4 s
durchlauf=2 mit Qms = 0.5609446834227287
------------------------------------------
----------Durchlauf = 3 --------------
postadapt ... unique elements in g: 304
adapt_communities execution time = 59.0 s
durchlauf=3 mit Qms = 0.5808809935678252
------------------------------------------
----------Durchlauf = 4 --------------
postadapt ... unique elements in g: 301
adapt_communities execution time = 58.9 s
durchlauf=4 mit Qms = 0.5821525747116019
Final Qms = 0.5821525747116019
estimating chunk magnitudes
chunk magnitude m = -0.08058267779028386
Qms execution time = 0.04 s
------------------------------------------
----------Durchlauf = 1 --------------
postadapt ... unique elements in g: 450
adapt_communities execution time = 85.7 s
durchlauf=1 mit Qms = 0.4654530975648269
------------------------------------------
----------Durchlauf = 2 --------------
postadapt ... unique elements in g: 345
adapt_communities execution time = 61.6 s
durchlauf=2 mit Qms = 0.5614218427460534
------------------------------------------
----------Durchlauf = 3 --------------
postadapt ... unique elements in g: 310
adapt_communities execution time = 58.9 s
durchlauf=3 mit Qms = 0.5890192727496145
------------------------------------------
----------Durchlauf = 4 --------------
postadapt ... unique elements in g: 304
adapt_communities execution time = 58.7 s
durchlauf=4 mit Qms = 0.5921110474890611
------------------------------------------
----------Durchlauf = 5 --------------
postadapt ... unique elements in g: 302
adapt_communities execution time = 58.3 s
durchlauf=5 mit Qms = 0.5933573779481007
Final Qms = 0.5933573779481007
estimating chunk magnitudes
chunk magnitude m = -0.07950951759732365
Qms execution time = 0.037 s
------------------------------------------
----------Durchlauf = 1 --------------
postadapt ... unique elements in g: 438
adapt_communities execution time = 87.1 s
durchlauf=1 mit Qms = 0.4699972819806658
------------------------------------------
----------Durchlauf = 2 --------------
postadapt ... unique elements in g: 339
adapt_communities execution time = 61.1 s
durchlauf=2 mit Qms = 0.5583248599683036
------------------------------------------
----------Durchlauf = 3 --------------
postadapt ... unique elements in g: 313
adapt_communities execution time = 58.6 s
durchlauf=3 mit Qms = 0.574174123533208
------------------------------------------
----------Durchlauf = 4 --------------
postadapt ... unique elements in g: 306
adapt_communities execution time = 58.4 s
durchlauf=4 mit Qms = 0.5780625513901341
------------------------------------------
----------Durchlauf = 5 --------------
postadapt ... unique elements in g: 302
adapt_communities execution time = 58.6 s
durchlauf=5 mit Qms = 0.5800291252410186
------------------------------------------
----------Durchlauf = 6 --------------
postadapt ... unique elements in g: 301
adapt_communities execution time = 57.9 s
durchlauf=6 mit Qms = 0.58075418522498
------------------------------------------
----------Durchlauf = 7 --------------
postadapt ... unique elements in g: 300
adapt_communities execution time = 58.2 s
durchlauf=7 mit Qms = 0.5809436455526608
Final Qms = 0.5809436455526608
estimating chunk magnitudes
chunk magnitude m = -0.07939439676929504
Qms execution time = 0.038 s
------------------------------------------
----------Durchlauf = 1 --------------
postadapt ... unique elements in g: 470
adapt_communities execution time = 85.6 s
durchlauf=1 mit Qms = 0.45419098391676965
------------------------------------------
----------Durchlauf = 2 --------------
postadapt ... unique elements in g: 346
adapt_communities execution time = 62.2 s
durchlauf=2 mit Qms = 0.5545618271159541
------------------------------------------
----------Durchlauf = 3 --------------
postadapt ... unique elements in g: 302
adapt_communities execution time = 58.6 s
durchlauf=3 mit Qms = 0.5839954045517723
------------------------------------------
----------Durchlauf = 4 --------------
postadapt ... unique elements in g: 292
adapt_communities execution time = 57.5 s
durchlauf=4 mit Qms = 0.5885481662511618
------------------------------------------
----------Durchlauf = 5 --------------
postadapt ... unique elements in g: 290
adapt_communities execution time = 57.5 s
durchlauf=5 mit Qms = 0.5890304231284598
Final Qms = 0.5890304231284598
estimating chunk magnitudes
chunk magnitude m = -0.07647376410258437
Qms execution time = 0.037 s
------------------------------------------
----------Durchlauf = 1 --------------
postadapt ... unique elements in g: 467
adapt_communities execution time = 85.8 s
durchlauf=1 mit Qms = 0.44951221676701403
------------------------------------------
----------Durchlauf = 2 --------------
postadapt ... unique elements in g: 344
adapt_communities execution time = 62.9 s
durchlauf=2 mit Qms = 0.5580314861646312
------------------------------------------
----------Durchlauf = 3 --------------
postadapt ... unique elements in g: 306
adapt_communities execution time = 59.4 s
durchlauf=3 mit Qms = 0.5817900449633985
------------------------------------------
----------Durchlauf = 4 --------------
postadapt ... unique elements in g: 296
adapt_communities execution time = 58.7 s
durchlauf=4 mit Qms = 0.5883865365913464
------------------------------------------
----------Durchlauf = 5 --------------
postadapt ... unique elements in g: 292
adapt_communities execution time = 58.5 s
durchlauf=5 mit Qms = 0.5895337876677823
Final Qms = 0.5895337876677823
estimating chunk magnitudes
chunk magnitude m = -0.07804656867497407
.....................
---print relevant Information---
inputfile = 
Qmulti-trial = 0.5979663181423013
Qmulti-trial = 0.5979663181423013 (p = 0.0002919244754528002, t = -5.706424110054378)
Qmulti-trial-shuffled = 0.585601396218564 +- 0.006501
slope of phi_real = 0.000308315391890925
